{"meta": {"format": 3, "version": "7.13.5", "timestamp": "2026-03-31T18:18:49.786714", "branch_coverage": false, "show_contexts": false}, "files": {"src/machship_sdk/__init__.py": {"executed_lines": [3, 5, 6, 7, 8, 9, 15, 24], "summary": {"covered_lines": 8, "num_statements": 8, "percent_covered": 100.0, "percent_covered_display": "100", "missing_lines": 0, "excluded_lines": 0, "percent_statements_covered": 100.0, "percent_statements_covered_display": "100"}, "missing_lines": [], "excluded_lines": [], "functions": {"": {"executed_lines": [3, 5, 6, 7, 8, 9, 15, 24], "summary": {"covered_lines": 8, "num_statements": 8, "percent_covered": 100.0, "percent_covered_display": "100", "missing_lines": 0, "excluded_lines": 0, "percent_statements_covered": 100.0, "percent_statements_covered_display": "100"}, "missing_lines": [], "excluded_lines": [], "start_line": 1}}, "classes": {"": {"executed_lines": [3, 5, 6, 7, 8, 9, 15, 24], "summary": {"covered_lines": 8, "num_statements": 8, "percent_covered": 100.0, "percent_covered_display": "100", "missing_lines": 0, "excluded_lines": 0, "percent_statements_covered": 100.0, "percent_statements_covered_display": "100"}, "missing_lines": [], "excluded_lines": [], "start_line": 1}}}, "src/machship_sdk/_core.py": {"executed_lines": [3, 5, 6, 7, 8, 9, 11, 13, 15, 18, 20, 22, 25, 32, 37, 39, 42, 44, 45, 46, 47, 48, 49, 54, 56, 58, 60, 63, 68, 70, 73, 75, 77, 80, 87, 90, 91, 92], "summary": {"covered_lines": 38, "num_statements": 46, "percent_covered": 82.6086956521739, "percent_covered_display": "83", "missing_lines": 8, "excluded_lines": 0, "percent_statements_covered": 82.6086956521739, "percent_statements_covered_display": "83"}, "missing_lines": [21, 38, 55, 57, 59, 65, 76, 88], "excluded_lines": [], "functions": {"build_url": {"executed_lines": [20, 22], "summary": {"covered_lines": 2, "num_statements": 3, "percent_covered": 66.66666666666667, "percent_covered_display": "67", "missing_lines": 1, "excluded_lines": 0, "percent_statements_covered": 66.66666666666667, "percent_statements_covered_display": "67"}, "missing_lines": [21], "excluded_lines": [], "start_line": 18}, "build_headers": {"executed_lines": [32, 37, 39], "summary": {"covered_lines": 3, "num_statements": 4, "percent_covered": 75.0, "percent_covered_display": "75", "missing_lines": 1, "excluded_lines": 0, "percent_statements_covered": 75.0, "percent_statements_covered_display": "75"}, "missing_lines": [38], "excluded_lines": [], "start_line": 25}, "_jsonable": {"executed_lines": [44, 45, 46, 47, 48, 49, 54, 56, 58, 60], "summary": {"covered_lines": 10, "num_statements": 13, "percent_covered": 76.92307692307692, "percent_covered_display": "77", "missing_lines": 3, "excluded_lines": 0, "percent_statements_covered": 76.92307692307692, "percent_statements_covered_display": "77"}, "missing_lines": [55, 57, 59], "excluded_lines": [], "start_line": 42}, "serialize_json_payload": {"executed_lines": [], "summary": {"covered_lines": 0, "num_statements": 1, "percent_covered": 0.0, "percent_covered_display": "0", "missing_lines": 1, "excluded_lines": 0, "percent_statements_covered": 0.0, "percent_statements_covered_display": "0"}, "missing_lines": [65], "excluded_lines": [], "start_line": 63}, "serialize_query_params": {"executed_lines": [70], "summary": {"covered_lines": 1, "num_statements": 1, "percent_covered": 100.0, "percent_covered_display": "100", "missing_lines": 0, "excluded_lines": 0, "percent_statements_covered": 100.0, "percent_statements_covered_display": "100"}, "missing_lines": [], "excluded_lines": [], "start_line": 68}, "parse_response_model": {"executed_lines": [75, 77], "summary": {"covered_lines": 2, "num_statements": 3, "percent_covered": 66.66666666666667, "percent_covered_display": "67", "missing_lines": 1, "excluded_lines": 0, "percent_statements_covered": 66.66666666666667, "percent_statements_covered_display": "67"}, "missing_lines": [76], "excluded_lines": [], "start_line": 73}, "maybe_raise_for_api_errors": {"executed_lines": [87, 90, 91, 92], "summary": {"covered_lines": 4, "num_statements": 5, "percent_covered": 80.0, "percent_covered_display": "80", "missing_lines": 1, "excluded_lines": 0, "percent_statements_covered": 80.0, "percent_statements_covered_display": "80"}, "missing_lines": [88], "excluded_lines": [], "start_line": 80}, "": {"executed_lines": [3, 5, 6, 7, 8, 9, 11, 13, 15, 18, 25, 42, 63, 68, 73, 80], "summary": {"covered_lines": 16, "num_statements": 16, "percent_covered": 100.0, "percent_covered_display": "100", "missing_lines": 0, "excluded_lines": 0, "percent_statements_covered": 100.0, "percent_statements_covered_display": "100"}, "missing_lines": [], "excluded_lines": [], "start_line": 1}}, "classes": {"": {"executed_lines": [3, 5, 6, 7, 8, 9, 11, 13, 15, 18, 20, 22, 25, 32, 37, 39, 42, 44, 45, 46, 47, 48, 49, 54, 56, 58, 60, 63, 68, 70, 73, 75, 77, 80, 87, 90, 91, 92], "summary": {"covered_lines": 38, "num_statements": 46, "percent_covered": 82.6086956521739, "percent_covered_display": "83", "missing_lines": 8, "excluded_lines": 0, "percent_statements_covered": 82.6086956521739, "percent_statements_covered_display": "83"}, "missing_lines": [21, 38, 55, 57, 59, 65, 76, 88], "excluded_lines": [], "start_line": 1}}}, "src/machship_sdk/_version.py": {"executed_lines": [3, 5, 7, 8], "summary": {"covered_lines": 4, "num_statements": 4, "percent_covered": 100.0, "percent_covered_display": "100", "missing_lines": 0, "excluded_lines": 2, "percent_statements_covered": 100.0, "percent_statements_covered_display": "100"}, "missing_lines": [], "excluded_lines": [9, 10], "functions": {"": {"executed_lines": [3, 5, 7, 8], "summary": {"covered_lines": 4, "num_statements": 4, "percent_covered": 100.0, "percent_covered_display": "100", "missing_lines": 0, "excluded_lines": 2, "percent_statements_covered": 100.0, "percent_statements_covered_display": "100"}, "missing_lines": [], "excluded_lines": [9, 10], "start_line": 1}}, "classes": {"": {"executed_lines": [3, 5, 7, 8], "summary": {"covered_lines": 4, "num_statements": 4, "percent_covered": 100.0, "percent_covered_display": "100", "missing_lines": 0, "excluded_lines": 2, "percent_statements_covered": 100.0, "percent_statements_covered_display": "100"}, "missing_lines": [], "excluded_lines": [9, 10], "start_line": 1}}}, "src/machship_sdk/async_client.py": {"executed_lines": [3, 5, 6, 7, 9, 11, 18, 19, 20, 21, 22, 23, 24, 25, 52, 55, 58, 78, 81, 82, 88, 89, 90, 91, 93, 94, 98, 99, 103, 104, 124, 134, 135, 140, 144, 145, 146, 150, 152, 154, 155, 157, 161, 165, 175, 182, 183, 184, 192, 201, 202, 221, 246, 247, 273, 274, 279, 284, 295, 297, 317, 328, 356, 455, 463, 480, 499, 508, 515, 524, 526, 542, 558, 569, 585, 596, 612, 637, 656, 672, 684, 692, 708, 719, 731, 747, 784, 800, 816, 832, 848, 865, 877, 893], "summary": {"covered_lines": 94, "num_statements": 154, "percent_covered": 61.03896103896104, "percent_covered_display": "61", "missing_lines": 60, "excluded_lines": 6, "percent_statements_covered": 61.03896103896104, "percent_statements_covered_display": "61"}, "missing_lines": [79, 96, 101, 110, 111, 112, 113, 114, 115, 159, 163, 222, 228, 239, 248, 249, 255, 266, 346, 366, 373, 374, 375, 383, 392, 393, 412, 413, 419, 430, 437, 442, 453, 457, 473, 490, 535, 551, 567, 578, 594, 605, 626, 647, 665, 678, 690, 701, 717, 725, 740, 769, 793, 809, 825, 841, 858, 875, 886, 902], "excluded_lines": [207, 208, 219, 398, 399, 410], "functions": {"AsyncMachShipClient.__init__": {"executed_lines": [78, 81, 82, 88, 89, 90, 91], "summary": {"covered_lines": 7, "num_statements": 8, "percent_covered": 87.5, "percent_covered_display": "88", "missing_lines": 1, "excluded_lines": 0, "percent_statements_covered": 87.5, "percent_statements_covered_display": "88"}, "missing_lines": [79], "excluded_lines": [], "start_line": 58}, "AsyncMachShipClient.config": {"executed_lines": [], "summary": {"covered_lines": 0, "num_statements": 1, "percent_covered": 0.0, "percent_covered_display": "0", "missing_lines": 1, "excluded_lines": 0, "percent_statements_covered": 0.0, "percent_statements_covered_display": "0"}, "missing_lines": [96], "excluded_lines": [], "start_line": 94}, "AsyncMachShipClient.http_client": {"executed_lines": [], "summary": {"covered_lines": 0, "num_statements": 1, "percent_covered": 0.0, "percent_covered_display": "0", "missing_lines": 1, "excluded_lines": 0, "percent_statements_covered": 0.0, "percent_statements_covered_display": "0"}, "missing_lines": [101], "excluded_lines": [], "start_line": 99}, "AsyncMachShipClient.from_env": {"executed_lines": [], "summary": {"covered_lines": 0, "num_statements": 6, "percent_covered": 0.0, "percent_covered_display": "0", "missing_lines": 6, "excluded_lines": 0, "percent_statements_covered": 0.0, "percent_statements_covered_display": "0"}, "missing_lines": [110, 111, 112, 113, 114, 115], "excluded_lines": [], "start_line": 104}, "AsyncMachShipClient._prepare_request": {"executed_lines": [134, 135, 140, 144, 145, 146, 150], "summary": {"covered_lines": 7, "num_statements": 7, "percent_covered": 100.0, "percent_covered_display": "100", "missing_lines": 0, "excluded_lines": 0, "percent_statements_covered": 100.0, "percent_statements_covered_display": "100"}, "missing_lines": [], "excluded_lines": [], "start_line": 124}, "AsyncMachShipClient.aclose": {"executed_lines": [154, 155], "summary": {"covered_lines": 2, "num_statements": 2, "percent_covered": 100.0, "percent_covered_display": "100", "missing_lines": 0, "excluded_lines": 0, "percent_statements_covered": 100.0, "percent_statements_covered_display": "100"}, "missing_lines": [], "excluded_lines": [], "start_line": 152}, "AsyncMachShipClient.__aenter__": {"executed_lines": [], "summary": {"covered_lines": 0, "num_statements": 1, "percent_covered": 0.0, "percent_covered_display": "0", "missing_lines": 1, "excluded_lines": 0, "percent_statements_covered": 0.0, "percent_statements_covered_display": "0"}, "missing_lines": [159], "excluded_lines": [], "start_line": 157}, "AsyncMachShipClient.__aexit__": {"executed_lines": [], "summary": {"covered_lines": 0, "num_statements": 1, "percent_covered": 0.0, "percent_covered_display": "0", "missing_lines": 1, "excluded_lines": 0, "percent_statements_covered": 0.0, "percent_statements_covered_display": "0"}, "missing_lines": [163], "excluded_lines": [], "start_line": 161}, "AsyncMachShipClient._request": {"executed_lines": [175, 182, 183, 184, 192, 201, 202, 221, 246, 247, 273, 274, 279, 284, 295], "summary": {"covered_lines": 15, "num_statements": 22, "percent_covered": 68.18181818181819, "percent_covered_display": "68", "missing_lines": 7, "excluded_lines": 3, "percent_statements_covered": 68.18181818181819, "percent_statements_covered_display": "68"}, "missing_lines": [222, 228, 239, 248, 249, 255, 266], "excluded_lines": [207, 208, 219], "start_line": 165}, "AsyncMachShipClient.request": {"executed_lines": [317], "summary": {"covered_lines": 1, "num_statements": 1, "percent_covered": 100.0, "percent_covered_display": "100", "missing_lines": 0, "excluded_lines": 0, "percent_statements_covered": 100.0, "percent_statements_covered_display": "100"}, "missing_lines": [], "excluded_lines": [], "start_line": 297}, "AsyncMachShipClient.request_bytes": {"executed_lines": [], "summary": {"covered_lines": 0, "num_statements": 1, "percent_covered": 0.0, "percent_covered_display": "0", "missing_lines": 1, "excluded_lines": 0, "percent_statements_covered": 0.0, "percent_statements_covered_display": "0"}, "missing_lines": [346], "excluded_lines": [], "start_line": 328}, "AsyncMachShipClient._request_bytes": {"executed_lines": [], "summary": {"covered_lines": 0, "num_statements": 14, "percent_covered": 0.0, "percent_covered_display": "0", "missing_lines": 14, "excluded_lines": 3, "percent_statements_covered": 0.0, "percent_statements_covered_display": "0"}, "missing_lines": [366, 373, 374, 375, 383, 392, 393, 412, 413, 419, 430, 437, 442, 453], "excluded_lines": [398, 399, 410], "start_line": 356}, "AsyncMachShipClient.ping": {"executed_lines": [], "summary": {"covered_lines": 0, "num_statements": 1, "percent_covered": 0.0, "percent_covered_display": "0", "missing_lines": 1, "excluded_lines": 0, "percent_statements_covered": 0.0, "percent_statements_covered_display": "0"}, "missing_lines": [457], "excluded_lines": [], "start_line": 455}, "AsyncMachShipClient.get_companies": {"executed_lines": [], "summary": {"covered_lines": 0, "num_statements": 1, "percent_covered": 0.0, "percent_covered_display": "0", "missing_lines": 1, "excluded_lines": 0, "percent_statements_covered": 0.0, "percent_statements_covered_display": "0"}, "missing_lines": [473], "excluded_lines": [], "start_line": 463}, "AsyncMachShipClient.get_available_carriers_accounts_and_services": {"executed_lines": [], "summary": {"covered_lines": 0, "num_statements": 1, "percent_covered": 0.0, "percent_covered_display": "0", "missing_lines": 1, "excluded_lines": 0, "percent_statements_covered": 0.0, "percent_statements_covered_display": "0"}, "missing_lines": [490], "excluded_lines": [], "start_line": 480}, "AsyncMachShipClient.return_routes": {"executed_lines": [508], "summary": {"covered_lines": 1, "num_statements": 1, "percent_covered": 100.0, "percent_covered_display": "100", "missing_lines": 0, "excluded_lines": 0, "percent_statements_covered": 100.0, "percent_statements_covered_display": "100"}, "missing_lines": [], "excluded_lines": [], "start_line": 499}, "AsyncMachShipClient.get_rates": {"executed_lines": [524], "summary": {"covered_lines": 1, "num_statements": 1, "percent_covered": 100.0, "percent_covered_display": "100", "missing_lines": 0, "excluded_lines": 0, "percent_statements_covered": 100.0, "percent_statements_covered_display": "100"}, "missing_lines": [], "excluded_lines": [], "start_line": 515}, "AsyncMachShipClient.return_multiple_routes": {"executed_lines": [], "summary": {"covered_lines": 0, "num_statements": 1, "percent_covered": 0.0, "percent_covered_display": "0", "missing_lines": 1, "excluded_lines": 0, "percent_statements_covered": 0.0, "percent_statements_covered_display": "0"}, "missing_lines": [535], "excluded_lines": [], "start_line": 526}, "AsyncMachShipClient.return_routes_with_complex_items": {"executed_lines": [], "summary": {"covered_lines": 0, "num_statements": 1, "percent_covered": 0.0, "percent_covered_display": "0", "missing_lines": 1, "excluded_lines": 0, "percent_statements_covered": 0.0, "percent_statements_covered_display": "0"}, "missing_lines": [551], "excluded_lines": [], "start_line": 542}, "AsyncMachShipClient.get_rates_with_complex_items": {"executed_lines": [], "summary": {"covered_lines": 0, "num_statements": 1, "percent_covered": 0.0, "percent_covered_display": "0", "missing_lines": 1, "excluded_lines": 0, "percent_statements_covered": 0.0, "percent_statements_covered_display": "0"}, "missing_lines": [567], "excluded_lines": [], "start_line": 558}, "AsyncMachShipClient.create_consignment": {"executed_lines": [], "summary": {"covered_lines": 0, "num_statements": 1, "percent_covered": 0.0, "percent_covered_display": "0", "missing_lines": 1, "excluded_lines": 0, "percent_statements_covered": 0.0, "percent_statements_covered_display": "0"}, "missing_lines": [578], "excluded_lines": [], "start_line": 569}, "AsyncMachShipClient.create_shipment": {"executed_lines": [], "summary": {"covered_lines": 0, "num_statements": 1, "percent_covered": 0.0, "percent_covered_display": "0", "missing_lines": 1, "excluded_lines": 0, "percent_statements_covered": 0.0, "percent_statements_covered_display": "0"}, "missing_lines": [594], "excluded_lines": [], "start_line": 585}, "AsyncMachShipClient.create_consignment_with_complex_items": {"executed_lines": [], "summary": {"covered_lines": 0, "num_statements": 1, "percent_covered": 0.0, "percent_covered_display": "0", "missing_lines": 1, "excluded_lines": 0, "percent_statements_covered": 0.0, "percent_statements_covered_display": "0"}, "missing_lines": [605], "excluded_lines": [], "start_line": 596}, "AsyncMachShipClient.get_consignment": {"executed_lines": [], "summary": {"covered_lines": 0, "num_statements": 1, "percent_covered": 0.0, "percent_covered_display": "0", "missing_lines": 1, "excluded_lines": 0, "percent_statements_covered": 0.0, "percent_statements_covered_display": "0"}, "missing_lines": [626], "excluded_lines": [], "start_line": 612}, "AsyncMachShipClient.return_consignment_statuses": {"executed_lines": [], "summary": {"covered_lines": 0, "num_statements": 1, "percent_covered": 0.0, "percent_covered_display": "0", "missing_lines": 1, "excluded_lines": 0, "percent_statements_covered": 0.0, "percent_statements_covered_display": "0"}, "missing_lines": [647], "excluded_lines": [], "start_line": 637}, "AsyncMachShipClient.update_consignment_statuses": {"executed_lines": [], "summary": {"covered_lines": 0, "num_statements": 1, "percent_covered": 0.0, "percent_covered_display": "0", "missing_lines": 1, "excluded_lines": 0, "percent_statements_covered": 0.0, "percent_statements_covered_display": "0"}, "missing_lines": [665], "excluded_lines": [], "start_line": 656}, "AsyncMachShipClient.get_consignment_pdf": {"executed_lines": [], "summary": {"covered_lines": 0, "num_statements": 1, "percent_covered": 0.0, "percent_covered_display": "0", "missing_lines": 1, "excluded_lines": 0, "percent_statements_covered": 0.0, "percent_statements_covered_display": "0"}, "missing_lines": [678], "excluded_lines": [], "start_line": 672}, "AsyncMachShipClient.get_label_pdf": {"executed_lines": [], "summary": {"covered_lines": 0, "num_statements": 1, "percent_covered": 0.0, "percent_covered_display": "0", "missing_lines": 1, "excluded_lines": 0, "percent_statements_covered": 0.0, "percent_statements_covered_display": "0"}, "missing_lines": [690], "excluded_lines": [], "start_line": 684}, "AsyncMachShipClient.get_consignment_pdf_file_info": {"executed_lines": [], "summary": {"covered_lines": 0, "num_statements": 1, "percent_covered": 0.0, "percent_covered_display": "0", "missing_lines": 1, "excluded_lines": 0, "percent_statements_covered": 0.0, "percent_statements_covered_display": "0"}, "missing_lines": [701], "excluded_lines": [], "start_line": 692}, "AsyncMachShipClient.get_label_file_info": {"executed_lines": [], "summary": {"covered_lines": 0, "num_statements": 1, "percent_covered": 0.0, "percent_covered_display": "0", "missing_lines": 1, "excluded_lines": 0, "percent_statements_covered": 0.0, "percent_statements_covered_display": "0"}, "missing_lines": [717], "excluded_lines": [], "start_line": 708}, "AsyncMachShipClient.get_manifest_pdf": {"executed_lines": [], "summary": {"covered_lines": 0, "num_statements": 1, "percent_covered": 0.0, "percent_covered_display": "0", "missing_lines": 1, "excluded_lines": 0, "percent_statements_covered": 0.0, "percent_statements_covered_display": "0"}, "missing_lines": [725], "excluded_lines": [], "start_line": 719}, "AsyncMachShipClient.get_manifest_pdf_file_info": {"executed_lines": [], "summary": {"covered_lines": 0, "num_statements": 1, "percent_covered": 0.0, "percent_covered_display": "0", "missing_lines": 1, "excluded_lines": 0, "percent_statements_covered": 0.0, "percent_statements_covered_display": "0"}, "missing_lines": [740], "excluded_lines": [], "start_line": 731}, "AsyncMachShipClient.list_manifests": {"executed_lines": [], "summary": {"covered_lines": 0, "num_statements": 1, "percent_covered": 0.0, "percent_covered_display": "0", "missing_lines": 1, "excluded_lines": 0, "percent_statements_covered": 0.0, "percent_statements_covered_display": "0"}, "missing_lines": [769], "excluded_lines": [], "start_line": 747}, "AsyncMachShipClient.group_consignments_for_manifest": {"executed_lines": [], "summary": {"covered_lines": 0, "num_statements": 1, "percent_covered": 0.0, "percent_covered_display": "0", "missing_lines": 1, "excluded_lines": 0, "percent_statements_covered": 0.0, "percent_statements_covered_display": "0"}, "missing_lines": [793], "excluded_lines": [], "start_line": 784}, "AsyncMachShipClient.group_all_unmanifested_consignments_for_manifest": {"executed_lines": [], "summary": {"covered_lines": 0, "num_statements": 1, "percent_covered": 0.0, "percent_covered_display": "0", "missing_lines": 1, "excluded_lines": 0, "percent_statements_covered": 0.0, "percent_statements_covered_display": "0"}, "missing_lines": [809], "excluded_lines": [], "start_line": 800}, "AsyncMachShipClient.book_manifest": {"executed_lines": [], "summary": {"covered_lines": 0, "num_statements": 1, "percent_covered": 0.0, "percent_covered_display": "0", "missing_lines": 1, "excluded_lines": 0, "percent_statements_covered": 0.0, "percent_statements_covered_display": "0"}, "missing_lines": [825], "excluded_lines": [], "start_line": 816}, "AsyncMachShipClient.rebook_pickup": {"executed_lines": [], "summary": {"covered_lines": 0, "num_statements": 1, "percent_covered": 0.0, "percent_covered_display": "0", "missing_lines": 1, "excluded_lines": 0, "percent_statements_covered": 0.0, "percent_statements_covered_display": "0"}, "missing_lines": [841], "excluded_lines": [], "start_line": 832}, "AsyncMachShipClient.get_company_locations": {"executed_lines": [], "summary": {"covered_lines": 0, "num_statements": 1, "percent_covered": 0.0, "percent_covered_display": "0", "missing_lines": 1, "excluded_lines": 0, "percent_statements_covered": 0.0, "percent_statements_covered_display": "0"}, "missing_lines": [858], "excluded_lines": [], "start_line": 848}, "AsyncMachShipClient.list_company_locations": {"executed_lines": [], "summary": {"covered_lines": 0, "num_statements": 1, "percent_covered": 0.0, "percent_covered_display": "0", "missing_lines": 1, "excluded_lines": 0, "percent_statements_covered": 0.0, "percent_statements_covered_display": "0"}, "missing_lines": [875], "excluded_lines": [], "start_line": 865}, "AsyncMachShipClient.get_company_location": {"executed_lines": [], "summary": {"covered_lines": 0, "num_statements": 1, "percent_covered": 0.0, "percent_covered_display": "0", "missing_lines": 1, "excluded_lines": 0, "percent_statements_covered": 0.0, "percent_statements_covered_display": "0"}, "missing_lines": [886], "excluded_lines": [], "start_line": 877}, "AsyncMachShipClient.get_company_location_permanent_pickups": {"executed_lines": [], "summary": {"covered_lines": 0, "num_statements": 1, "percent_covered": 0.0, "percent_covered_display": "0", "missing_lines": 1, "excluded_lines": 0, "percent_statements_covered": 0.0, "percent_statements_covered_display": "0"}, "missing_lines": [902], "excluded_lines": [], "start_line": 893}, "": {"executed_lines": [3, 5, 6, 7, 9, 11, 18, 19, 20, 21, 22, 23, 24, 25, 52, 55, 58, 93, 94, 98, 99, 103, 104, 124, 152, 157, 161, 165, 297, 328, 356, 455, 463, 480, 499, 515, 526, 542, 558, 569, 585, 596, 612, 637, 656, 672, 684, 692, 708, 719, 731, 747, 784, 800, 816, 832, 848, 865, 877, 893], "summary": {"covered_lines": 60, "num_statements": 60, "percent_covered": 100.0, "percent_covered_display": "100", "missing_lines": 0, "excluded_lines": 0, "percent_statements_covered": 100.0, "percent_statements_covered_display": "100"}, "missing_lines": [], "excluded_lines": [], "start_line": 1}}, "classes": {"AsyncMachShipClient": {"executed_lines": [78, 81, 82, 88, 89, 90, 91, 134, 135, 140, 144, 145, 146, 150, 154, 155, 175, 182, 183, 184, 192, 201, 202, 221, 246, 247, 273, 274, 279, 284, 295, 317, 508, 524], "summary": {"covered_lines": 34, "num_statements": 94, "percent_covered": 36.170212765957444, "percent_covered_display": "36", "missing_lines": 60, "excluded_lines": 6, "percent_statements_covered": 36.170212765957444, "percent_statements_covered_display": "36"}, "missing_lines": [79, 96, 101, 110, 111, 112, 113, 114, 115, 159, 163, 222, 228, 239, 248, 249, 255, 266, 346, 366, 373, 374, 375, 383, 392, 393, 412, 413, 419, 430, 437, 442, 453, 457, 473, 490, 535, 551, 567, 578, 594, 605, 626, 647, 665, 678, 690, 701, 717, 725, 740, 769, 793, 809, 825, 841, 858, 875, 886, 902], "excluded_lines": [207, 208, 219, 398, 399, 410], "start_line": 55}, "": {"executed_lines": [3, 5, 6, 7, 9, 11, 18, 19, 20, 21, 22, 23, 24, 25, 52, 55, 58, 93, 94, 98, 99, 103, 104, 124, 152, 157, 161, 165, 297, 328, 356, 455, 463, 480, 499, 515, 526, 542, 558, 569, 585, 596, 612, 637, 656, 672, 684, 692, 708, 719, 731, 747, 784, 800, 816, 832, 848, 865, 877, 893], "summary": {"covered_lines": 60, "num_statements": 60, "percent_covered": 100.0, "percent_covered_display": "100", "missing_lines": 0, "excluded_lines": 0, "percent_statements_covered": 100.0, "percent_statements_covered_display": "100"}, "missing_lines": [], "excluded_lines": [], "start_line": 1}}}, "src/machship_sdk/cache.py": {"executed_lines": [3, 5, 6, 8, 11, 17, 18, 24, 26, 28, 30, 33], "summary": {"covered_lines": 12, "num_statements": 15, "percent_covered": 80.0, "percent_covered_display": "80", "missing_lines": 3, "excluded_lines": 4, "percent_statements_covered": 80.0, "percent_statements_covered_display": "80"}, "missing_lines": [35, 36, 42], "excluded_lines": [19, 20, 37, 38], "functions": {"ttl_cache": {"executed_lines": [17, 18, 24, 26, 30], "summary": {"covered_lines": 5, "num_statements": 5, "percent_covered": 100.0, "percent_covered_display": "100", "missing_lines": 0, "excluded_lines": 2, "percent_statements_covered": 100.0, "percent_statements_covered_display": "100"}, "missing_lines": [], "excluded_lines": [19, 20], "start_line": 11}, "ttl_cache.decorator": {"executed_lines": [28], "summary": {"covered_lines": 1, "num_statements": 1, "percent_covered": 100.0, "percent_covered_display": "100", "missing_lines": 0, "excluded_lines": 0, "percent_statements_covered": 100.0, "percent_statements_covered_display": "100"}, "missing_lines": [], "excluded_lines": [], "start_line": 26}, "make_ttl_cache": {"executed_lines": [], "summary": {"covered_lines": 0, "num_statements": 3, "percent_covered": 0.0, "percent_covered_display": "0", "missing_lines": 3, "excluded_lines": 2, "percent_statements_covered": 0.0, "percent_statements_covered_display": "0"}, "missing_lines": [35, 36, 42], "excluded_lines": [37, 38], "start_line": 33}, "": {"executed_lines": [3, 5, 6, 8, 11, 33], "summary": {"covered_lines": 6, "num_statements": 6, "percent_covered": 100.0, "percent_covered_display": "100", "missing_lines": 0, "excluded_lines": 0, "percent_statements_covered": 100.0, "percent_statements_covered_display": "100"}, "missing_lines": [], "excluded_lines": [], "start_line": 1}}, "classes": {"": {"executed_lines": [3, 5, 6, 8, 11, 17, 18, 24, 26, 28, 30, 33], "summary": {"covered_lines": 12, "num_statements": 15, "percent_covered": 80.0, "percent_covered_display": "80", "missing_lines": 3, "excluded_lines": 4, "percent_statements_covered": 80.0, "percent_statements_covered_display": "80"}, "missing_lines": [35, 36, 42], "excluded_lines": [19, 20, 37, 38], "start_line": 1}}}, "src/machship_sdk/client.py": {"executed_lines": [3, 5, 6, 7, 9, 11, 18, 19, 20, 21, 22, 23, 24, 25, 52, 55, 58, 78, 81, 82, 88, 89, 90, 91, 93, 94, 98, 99, 103, 104, 124, 134, 135, 140, 144, 145, 146, 150, 152, 154, 155, 157, 159, 161, 163, 165, 175, 182, 183, 184, 192, 201, 202, 221, 222, 228, 239, 246, 247, 273, 274, 279, 284, 295, 297, 317, 328, 346, 356, 366, 373, 374, 375, 383, 392, 393, 412, 437, 442, 453, 455, 457, 463, 480, 499, 508, 515, 521, 523, 539, 555, 566, 582, 593, 609, 634, 653, 669, 675, 681, 689, 705, 713, 725, 741, 778, 794, 810, 826, 842, 859, 871, 887], "summary": {"covered_lines": 113, "num_statements": 154, "percent_covered": 73.37662337662337, "percent_covered_display": "73", "missing_lines": 41, "excluded_lines": 6, "percent_statements_covered": 73.37662337662337, "percent_statements_covered_display": "73"}, "missing_lines": [79, 96, 101, 110, 111, 112, 113, 114, 115, 248, 249, 255, 266, 413, 419, 430, 473, 490, 532, 548, 564, 575, 591, 602, 623, 644, 662, 687, 698, 711, 719, 734, 763, 787, 803, 819, 835, 852, 869, 880, 896], "excluded_lines": [207, 208, 219, 398, 399, 410], "functions": {"MachShipClient.__init__": {"executed_lines": [78, 81, 82, 88, 89, 90, 91], "summary": {"covered_lines": 7, "num_statements": 8, "percent_covered": 87.5, "percent_covered_display": "88", "missing_lines": 1, "excluded_lines": 0, "percent_statements_covered": 87.5, "percent_statements_covered_display": "88"}, "missing_lines": [79], "excluded_lines": [], "start_line": 58}, "MachShipClient.config": {"executed_lines": [], "summary": {"covered_lines": 0, "num_statements": 1, "percent_covered": 0.0, "percent_covered_display": "0", "missing_lines": 1, "excluded_lines": 0, "percent_statements_covered": 0.0, "percent_statements_covered_display": "0"}, "missing_lines": [96], "excluded_lines": [], "start_line": 94}, "MachShipClient.http_client": {"executed_lines": [], "summary": {"covered_lines": 0, "num_statements": 1, "percent_covered": 0.0, "percent_covered_display": "0", "missing_lines": 1, "excluded_lines": 0, "percent_statements_covered": 0.0, "percent_statements_covered_display": "0"}, "missing_lines": [101], "excluded_lines": [], "start_line": 99}, "MachShipClient.from_env": {"executed_lines": [], "summary": {"covered_lines": 0, "num_statements": 6, "percent_covered": 0.0, "percent_covered_display": "0", "missing_lines": 6, "excluded_lines": 0, "percent_statements_covered": 0.0, "percent_statements_covered_display": "0"}, "missing_lines": [110, 111, 112, 113, 114, 115], "excluded_lines": [], "start_line": 104}, "MachShipClient._prepare_request": {"executed_lines": [134, 135, 140, 144, 145, 146, 150], "summary": {"covered_lines": 7, "num_statements": 7, "percent_covered": 100.0, "percent_covered_display": "100", "missing_lines": 0, "excluded_lines": 0, "percent_statements_covered": 100.0, "percent_statements_covered_display": "100"}, "missing_lines": [], "excluded_lines": [], "start_line": 124}, "MachShipClient.close": {"executed_lines": [154, 155], "summary": {"covered_lines": 2, "num_statements": 2, "percent_covered": 100.0, "percent_covered_display": "100", "missing_lines": 0, "excluded_lines": 0, "percent_statements_covered": 100.0, "percent_statements_covered_display": "100"}, "missing_lines": [], "excluded_lines": [], "start_line": 152}, "MachShipClient.__enter__": {"executed_lines": [159], "summary": {"covered_lines": 1, "num_statements": 1, "percent_covered": 100.0, "percent_covered_display": "100", "missing_lines": 0, "excluded_lines": 0, "percent_statements_covered": 100.0, "percent_statements_covered_display": "100"}, "missing_lines": [], "excluded_lines": [], "start_line": 157}, "MachShipClient.__exit__": {"executed_lines": [163], "summary": {"covered_lines": 1, "num_statements": 1, "percent_covered": 100.0, "percent_covered_display": "100", "missing_lines": 0, "excluded_lines": 0, "percent_statements_covered": 100.0, "percent_statements_covered_display": "100"}, "missing_lines": [], "excluded_lines": [], "start_line": 161}, "MachShipClient._request": {"executed_lines": [175, 182, 183, 184, 192, 201, 202, 221, 222, 228, 239, 246, 247, 273, 274, 279, 284, 295], "summary": {"covered_lines": 18, "num_statements": 22, "percent_covered": 81.81818181818181, "percent_covered_display": "82", "missing_lines": 4, "excluded_lines": 3, "percent_statements_covered": 81.81818181818181, "percent_statements_covered_display": "82"}, "missing_lines": [248, 249, 255, 266], "excluded_lines": [207, 208, 219], "start_line": 165}, "MachShipClient.request": {"executed_lines": [317], "summary": {"covered_lines": 1, "num_statements": 1, "percent_covered": 100.0, "percent_covered_display": "100", "missing_lines": 0, "excluded_lines": 0, "percent_statements_covered": 100.0, "percent_statements_covered_display": "100"}, "missing_lines": [], "excluded_lines": [], "start_line": 297}, "MachShipClient.request_bytes": {"executed_lines": [346], "summary": {"covered_lines": 1, "num_statements": 1, "percent_covered": 100.0, "percent_covered_display": "100", "missing_lines": 0, "excluded_lines": 0, "percent_statements_covered": 100.0, "percent_statements_covered_display": "100"}, "missing_lines": [], "excluded_lines": [], "start_line": 328}, "MachShipClient._request_bytes": {"executed_lines": [366, 373, 374, 375, 383, 392, 393, 412, 437, 442, 453], "summary": {"covered_lines": 11, "num_statements": 14, "percent_covered": 78.57142857142857, "percent_covered_display": "79", "missing_lines": 3, "excluded_lines": 3, "percent_statements_covered": 78.57142857142857, "percent_statements_covered_display": "79"}, "missing_lines": [413, 419, 430], "excluded_lines": [398, 399, 410], "start_line": 356}, "MachShipClient.ping": {"executed_lines": [457], "summary": {"covered_lines": 1, "num_statements": 1, "percent_covered": 100.0, "percent_covered_display": "100", "missing_lines": 0, "excluded_lines": 0, "percent_statements_covered": 100.0, "percent_statements_covered_display": "100"}, "missing_lines": [], "excluded_lines": [], "start_line": 455}, "MachShipClient.get_companies": {"executed_lines": [], "summary": {"covered_lines": 0, "num_statements": 1, "percent_covered": 0.0, "percent_covered_display": "0", "missing_lines": 1, "excluded_lines": 0, "percent_statements_covered": 0.0, "percent_statements_covered_display": "0"}, "missing_lines": [473], "excluded_lines": [], "start_line": 463}, "MachShipClient.get_available_carriers_accounts_and_services": {"executed_lines": [], "summary": {"covered_lines": 0, "num_statements": 1, "percent_covered": 0.0, "percent_covered_display": "0", "missing_lines": 1, "excluded_lines": 0, "percent_statements_covered": 0.0, "percent_statements_covered_display": "0"}, "missing_lines": [490], "excluded_lines": [], "start_line": 480}, "MachShipClient.return_routes": {"executed_lines": [508], "summary": {"covered_lines": 1, "num_statements": 1, "percent_covered": 100.0, "percent_covered_display": "100", "missing_lines": 0, "excluded_lines": 0, "percent_statements_covered": 100.0, "percent_statements_covered_display": "100"}, "missing_lines": [], "excluded_lines": [], "start_line": 499}, "MachShipClient.get_rates": {"executed_lines": [521], "summary": {"covered_lines": 1, "num_statements": 1, "percent_covered": 100.0, "percent_covered_display": "100", "missing_lines": 0, "excluded_lines": 0, "percent_statements_covered": 100.0, "percent_statements_covered_display": "100"}, "missing_lines": [], "excluded_lines": [], "start_line": 515}, "MachShipClient.return_multiple_routes": {"executed_lines": [], "summary": {"covered_lines": 0, "num_statements": 1, "percent_covered": 0.0, "percent_covered_display": "0", "missing_lines": 1, "excluded_lines": 0, "percent_statements_covered": 0.0, "percent_statements_covered_display": "0"}, "missing_lines": [532], "excluded_lines": [], "start_line": 523}, "MachShipClient.return_routes_with_complex_items": {"executed_lines": [], "summary": {"covered_lines": 0, "num_statements": 1, "percent_covered": 0.0, "percent_covered_display": "0", "missing_lines": 1, "excluded_lines": 0, "percent_statements_covered": 0.0, "percent_statements_covered_display": "0"}, "missing_lines": [548], "excluded_lines": [], "start_line": 539}, "MachShipClient.get_rates_with_complex_items": {"executed_lines": [], "summary": {"covered_lines": 0, "num_statements": 1, "percent_covered": 0.0, "percent_covered_display": "0", "missing_lines": 1, "excluded_lines": 0, "percent_statements_covered": 0.0, "percent_statements_covered_display": "0"}, "missing_lines": [564], "excluded_lines": [], "start_line": 555}, "MachShipClient.create_consignment": {"executed_lines": [], "summary": {"covered_lines": 0, "num_statements": 1, "percent_covered": 0.0, "percent_covered_display": "0", "missing_lines": 1, "excluded_lines": 0, "percent_statements_covered": 0.0, "percent_statements_covered_display": "0"}, "missing_lines": [575], "excluded_lines": [], "start_line": 566}, "MachShipClient.create_shipment": {"executed_lines": [], "summary": {"covered_lines": 0, "num_statements": 1, "percent_covered": 0.0, "percent_covered_display": "0", "missing_lines": 1, "excluded_lines": 0, "percent_statements_covered": 0.0, "percent_statements_covered_display": "0"}, "missing_lines": [591], "excluded_lines": [], "start_line": 582}, "MachShipClient.create_consignment_with_complex_items": {"executed_lines": [], "summary": {"covered_lines": 0, "num_statements": 1, "percent_covered": 0.0, "percent_covered_display": "0", "missing_lines": 1, "excluded_lines": 0, "percent_statements_covered": 0.0, "percent_statements_covered_display": "0"}, "missing_lines": [602], "excluded_lines": [], "start_line": 593}, "MachShipClient.get_consignment": {"executed_lines": [], "summary": {"covered_lines": 0, "num_statements": 1, "percent_covered": 0.0, "percent_covered_display": "0", "missing_lines": 1, "excluded_lines": 0, "percent_statements_covered": 0.0, "percent_statements_covered_display": "0"}, "missing_lines": [623], "excluded_lines": [], "start_line": 609}, "MachShipClient.return_consignment_statuses": {"executed_lines": [], "summary": {"covered_lines": 0, "num_statements": 1, "percent_covered": 0.0, "percent_covered_display": "0", "missing_lines": 1, "excluded_lines": 0, "percent_statements_covered": 0.0, "percent_statements_covered_display": "0"}, "missing_lines": [644], "excluded_lines": [], "start_line": 634}, "MachShipClient.update_consignment_statuses": {"executed_lines": [], "summary": {"covered_lines": 0, "num_statements": 1, "percent_covered": 0.0, "percent_covered_display": "0", "missing_lines": 1, "excluded_lines": 0, "percent_statements_covered": 0.0, "percent_statements_covered_display": "0"}, "missing_lines": [662], "excluded_lines": [], "start_line": 653}, "MachShipClient.get_consignment_pdf": {"executed_lines": [675], "summary": {"covered_lines": 1, "num_statements": 1, "percent_covered": 100.0, "percent_covered_display": "100", "missing_lines": 0, "excluded_lines": 0, "percent_statements_covered": 100.0, "percent_statements_covered_display": "100"}, "missing_lines": [], "excluded_lines": [], "start_line": 669}, "MachShipClient.get_label_pdf": {"executed_lines": [], "summary": {"covered_lines": 0, "num_statements": 1, "percent_covered": 0.0, "percent_covered_display": "0", "missing_lines": 1, "excluded_lines": 0, "percent_statements_covered": 0.0, "percent_statements_covered_display": "0"}, "missing_lines": [687], "excluded_lines": [], "start_line": 681}, "MachShipClient.get_consignment_pdf_file_info": {"executed_lines": [], "summary": {"covered_lines": 0, "num_statements": 1, "percent_covered": 0.0, "percent_covered_display": "0", "missing_lines": 1, "excluded_lines": 0, "percent_statements_covered": 0.0, "percent_statements_covered_display": "0"}, "missing_lines": [698], "excluded_lines": [], "start_line": 689}, "MachShipClient.get_label_file_info": {"executed_lines": [], "summary": {"covered_lines": 0, "num_statements": 1, "percent_covered": 0.0, "percent_covered_display": "0", "missing_lines": 1, "excluded_lines": 0, "percent_statements_covered": 0.0, "percent_statements_covered_display": "0"}, "missing_lines": [711], "excluded_lines": [], "start_line": 705}, "MachShipClient.get_manifest_pdf": {"executed_lines": [], "summary": {"covered_lines": 0, "num_statements": 1, "percent_covered": 0.0, "percent_covered_display": "0", "missing_lines": 1, "excluded_lines": 0, "percent_statements_covered": 0.0, "percent_statements_covered_display": "0"}, "missing_lines": [719], "excluded_lines": [], "start_line": 713}, "MachShipClient.get_manifest_pdf_file_info": {"executed_lines": [], "summary": {"covered_lines": 0, "num_statements": 1, "percent_covered": 0.0, "percent_covered_display": "0", "missing_lines": 1, "excluded_lines": 0, "percent_statements_covered": 0.0, "percent_statements_covered_display": "0"}, "missing_lines": [734], "excluded_lines": [], "start_line": 725}, "MachShipClient.list_manifests": {"executed_lines": [], "summary": {"covered_lines": 0, "num_statements": 1, "percent_covered": 0.0, "percent_covered_display": "0", "missing_lines": 1, "excluded_lines": 0, "percent_statements_covered": 0.0, "percent_statements_covered_display": "0"}, "missing_lines": [763], "excluded_lines": [], "start_line": 741}, "MachShipClient.group_consignments_for_manifest": {"executed_lines": [], "summary": {"covered_lines": 0, "num_statements": 1, "percent_covered": 0.0, "percent_covered_display": "0", "missing_lines": 1, "excluded_lines": 0, "percent_statements_covered": 0.0, "percent_statements_covered_display": "0"}, "missing_lines": [787], "excluded_lines": [], "start_line": 778}, "MachShipClient.group_all_unmanifested_consignments_for_manifest": {"executed_lines": [], "summary": {"covered_lines": 0, "num_statements": 1, "percent_covered": 0.0, "percent_covered_display": "0", "missing_lines": 1, "excluded_lines": 0, "percent_statements_covered": 0.0, "percent_statements_covered_display": "0"}, "missing_lines": [803], "excluded_lines": [], "start_line": 794}, "MachShipClient.book_manifest": {"executed_lines": [], "summary": {"covered_lines": 0, "num_statements": 1, "percent_covered": 0.0, "percent_covered_display": "0", "missing_lines": 1, "excluded_lines": 0, "percent_statements_covered": 0.0, "percent_statements_covered_display": "0"}, "missing_lines": [819], "excluded_lines": [], "start_line": 810}, "MachShipClient.rebook_pickup": {"executed_lines": [], "summary": {"covered_lines": 0, "num_statements": 1, "percent_covered": 0.0, "percent_covered_display": "0", "missing_lines": 1, "excluded_lines": 0, "percent_statements_covered": 0.0, "percent_statements_covered_display": "0"}, "missing_lines": [835], "excluded_lines": [], "start_line": 826}, "MachShipClient.get_company_locations": {"executed_lines": [], "summary": {"covered_lines": 0, "num_statements": 1, "percent_covered": 0.0, "percent_covered_display": "0", "missing_lines": 1, "excluded_lines": 0, "percent_statements_covered": 0.0, "percent_statements_covered_display": "0"}, "missing_lines": [852], "excluded_lines": [], "start_line": 842}, "MachShipClient.list_company_locations": {"executed_lines": [], "summary": {"covered_lines": 0, "num_statements": 1, "percent_covered": 0.0, "percent_covered_display": "0", "missing_lines": 1, "excluded_lines": 0, "percent_statements_covered": 0.0, "percent_statements_covered_display": "0"}, "missing_lines": [869], "excluded_lines": [], "start_line": 859}, "MachShipClient.get_company_location": {"executed_lines": [], "summary": {"covered_lines": 0, "num_statements": 1, "percent_covered": 0.0, "percent_covered_display": "0", "missing_lines": 1, "excluded_lines": 0, "percent_statements_covered": 0.0, "percent_statements_covered_display": "0"}, "missing_lines": [880], "excluded_lines": [], "start_line": 871}, "MachShipClient.get_company_location_permanent_pickups": {"executed_lines": [], "summary": {"covered_lines": 0, "num_statements": 1, "percent_covered": 0.0, "percent_covered_display": "0", "missing_lines": 1, "excluded_lines": 0, "percent_statements_covered": 0.0, "percent_statements_covered_display": "0"}, "missing_lines": [896], "excluded_lines": [], "start_line": 887}, "": {"executed_lines": [3, 5, 6, 7, 9, 11, 18, 19, 20, 21, 22, 23, 24, 25, 52, 55, 58, 93, 94, 98, 99, 103, 104, 124, 152, 157, 161, 165, 297, 328, 356, 455, 463, 480, 499, 515, 523, 539, 555, 566, 582, 593, 609, 634, 653, 669, 681, 689, 705, 713, 725, 741, 778, 794, 810, 826, 842, 859, 871, 887], "summary": {"covered_lines": 60, "num_statements": 60, "percent_covered": 100.0, "percent_covered_display": "100", "missing_lines": 0, "excluded_lines": 0, "percent_statements_covered": 100.0, "percent_statements_covered_display": "100"}, "missing_lines": [], "excluded_lines": [], "start_line": 1}}, "classes": {"MachShipClient": {"executed_lines": [78, 81, 82, 88, 89, 90, 91, 134, 135, 140, 144, 145, 146, 150, 154, 155, 159, 163, 175, 182, 183, 184, 192, 201, 202, 221, 222, 228, 239, 246, 247, 273, 274, 279, 284, 295, 317, 346, 366, 373, 374, 375, 383, 392, 393, 412, 437, 442, 453, 457, 508, 521, 675], "summary": {"covered_lines": 53, "num_statements": 94, "percent_covered": 56.38297872340426, "percent_covered_display": "56", "missing_lines": 41, "excluded_lines": 6, "percent_statements_covered": 56.38297872340426, "percent_statements_covered_display": "56"}, "missing_lines": [79, 96, 101, 110, 111, 112, 113, 114, 115, 248, 249, 255, 266, 413, 419, 430, 473, 490, 532, 548, 564, 575, 591, 602, 623, 644, 662, 687, 698, 711, 719, 734, 763, 787, 803, 819, 835, 852, 869, 880, 896], "excluded_lines": [207, 208, 219, 398, 399, 410], "start_line": 55}, "": {"executed_lines": [3, 5, 6, 7, 9, 11, 18, 19, 20, 21, 22, 23, 24, 25, 52, 55, 58, 93, 94, 98, 99, 103, 104, 124, 152, 157, 161, 165, 297, 328, 356, 455, 463, 480, 499, 515, 523, 539, 555, 566, 582, 593, 609, 634, 653, 669, 681, 689, 705, 713, 725, 741, 778, 794, 810, 826, 842, 859, 871, 887], "summary": {"covered_lines": 60, "num_statements": 60, "percent_covered": 100.0, "percent_covered_display": "100", "missing_lines": 0, "excluded_lines": 0, "percent_statements_covered": 100.0, "percent_statements_covered_display": "100"}, "missing_lines": [], "excluded_lines": [], "start_line": 1}}}, "src/machship_sdk/config.py": {"executed_lines": [3, 5, 6, 7, 8, 10, 12, 13, 16, 25, 26, 29, 30, 31, 32, 33, 34, 35, 37, 39, 40, 41, 43, 46, 47, 49, 50], "summary": {"covered_lines": 27, "num_statements": 42, "percent_covered": 64.28571428571429, "percent_covered_display": "64", "missing_lines": 15, "excluded_lines": 0, "percent_statements_covered": 64.28571428571429, "percent_statements_covered_display": "64"}, "missing_lines": [18, 19, 20, 21, 22, 42, 44, 63, 64, 65, 69, 70, 71, 72, 76], "excluded_lines": [], "functions": {"_first_environment_value": {"executed_lines": [], "summary": {"covered_lines": 0, "num_statements": 5, "percent_covered": 0.0, "percent_covered_display": "0", "missing_lines": 5, "excluded_lines": 0, "percent_statements_covered": 0.0, "percent_statements_covered_display": "0"}, "missing_lines": [18, 19, 20, 21, 22], "excluded_lines": [], "start_line": 16}, "MachShipConfig.__post_init__": {"executed_lines": [39, 40, 41, 43, 46, 47], "summary": {"covered_lines": 6, "num_statements": 8, "percent_covered": 75.0, "percent_covered_display": "75", "missing_lines": 2, "excluded_lines": 0, "percent_statements_covered": 75.0, "percent_statements_covered_display": "75"}, "missing_lines": [42, 44], "excluded_lines": [], "start_line": 37}, "MachShipConfig.from_env": {"executed_lines": [], "summary": {"covered_lines": 0, "num_statements": 8, "percent_covered": 0.0, "percent_covered_display": "0", "missing_lines": 8, "excluded_lines": 0, "percent_statements_covered": 0.0, "percent_statements_covered_display": "0"}, "missing_lines": [63, 64, 65, 69, 70, 71, 72, 76], "excluded_lines": [], "start_line": 50}, "": {"executed_lines": [3, 5, 6, 7, 8, 10, 12, 13, 16, 25, 26, 29, 30, 31, 32, 33, 34, 35, 37, 49, 50], "summary": {"covered_lines": 21, "num_statements": 21, "percent_covered": 100.0, "percent_covered_display": "100", "missing_lines": 0, "excluded_lines": 0, "percent_statements_covered": 100.0, "percent_statements_covered_display": "100"}, "missing_lines": [], "excluded_lines": [], "start_line": 1}}, "classes": {"MachShipConfig": {"executed_lines": [39, 40, 41, 43, 46, 47], "summary": {"covered_lines": 6, "num_statements": 16, "percent_covered": 37.5, "percent_covered_display": "38", "missing_lines": 10, "excluded_lines": 0, "percent_statements_covered": 37.5, "percent_statements_covered_display": "38"}, "missing_lines": [42, 44, 63, 64, 65, 69, 70, 71, 72, 76], "excluded_lines": [], "start_line": 26}, "": {"executed_lines": [3, 5, 6, 7, 8, 10, 12, 13, 16, 25, 26, 29, 30, 31, 32, 33, 34, 35, 37, 49, 50], "summary": {"covered_lines": 21, "num_statements": 26, "percent_covered": 80.76923076923077, "percent_covered_display": "81", "missing_lines": 5, "excluded_lines": 0, "percent_statements_covered": 80.76923076923077, "percent_statements_covered_display": "81"}, "missing_lines": [18, 19, 20, 21, 22], "excluded_lines": [], "start_line": 1}}}, "src/machship_sdk/exceptions.py": {"executed_lines": [3, 5, 6, 9, 13, 16, 24, 25, 26, 27, 28, 30, 38, 41, 47, 48, 49, 51, 56, 59, 60, 67, 68, 69, 70, 72, 73, 75, 76, 78, 79, 80], "summary": {"covered_lines": 32, "num_statements": 39, "percent_covered": 82.05128205128206, "percent_covered_display": "82", "missing_lines": 7, "excluded_lines": 0, "percent_statements_covered": 82.05128205128206, "percent_statements_covered_display": "82"}, "missing_lines": [32, 33, 34, 35, 53, 71, 77], "excluded_lines": [], "functions": {"MachShipHTTPError.__init__": {"executed_lines": [24, 25, 26, 27, 28], "summary": {"covered_lines": 5, "num_statements": 5, "percent_covered": 100.0, "percent_covered_display": "100", "missing_lines": 0, "excluded_lines": 0, "percent_statements_covered": 100.0, "percent_statements_covered_display": "100"}, "missing_lines": [], "excluded_lines": [], "start_line": 16}, "MachShipHTTPError.__str__": {"executed_lines": [], "summary": {"covered_lines": 0, "num_statements": 4, "percent_covered": 0.0, "percent_covered_display": "0", "missing_lines": 4, "excluded_lines": 0, "percent_statements_covered": 0.0, "percent_statements_covered_display": "0"}, "missing_lines": [32, 33, 34, 35], "excluded_lines": [], "start_line": 30}, "MachShipAPIError.__init__": {"executed_lines": [47, 48, 49], "summary": {"covered_lines": 3, "num_statements": 3, "percent_covered": 100.0, "percent_covered_display": "100", "missing_lines": 0, "excluded_lines": 0, "percent_statements_covered": 100.0, "percent_statements_covered_display": "100"}, "missing_lines": [], "excluded_lines": [], "start_line": 41}, "MachShipAPIError.__str__": {"executed_lines": [], "summary": {"covered_lines": 0, "num_statements": 1, "percent_covered": 0.0, "percent_covered_display": "0", "missing_lines": 1, "excluded_lines": 0, "percent_statements_covered": 0.0, "percent_statements_covered_display": "0"}, "missing_lines": [53], "excluded_lines": [], "start_line": 51}, "MachShipValidationError.from_errors": {"executed_lines": [67, 68, 69, 70, 72, 73, 75, 76, 78, 79, 80], "summary": {"covered_lines": 11, "num_statements": 13, "percent_covered": 84.61538461538461, "percent_covered_display": "85", "missing_lines": 2, "excluded_lines": 0, "percent_statements_covered": 84.61538461538461, "percent_statements_covered_display": "85"}, "missing_lines": [71, 77], "excluded_lines": [], "start_line": 60}, "": {"executed_lines": [3, 5, 6, 9, 13, 16, 30, 38, 41, 51, 56, 59, 60], "summary": {"covered_lines": 13, "num_statements": 13, "percent_covered": 100.0, "percent_covered_display": "100", "missing_lines": 0, "excluded_lines": 0, "percent_statements_covered": 100.0, "percent_statements_covered_display": "100"}, "missing_lines": [], "excluded_lines": [], "start_line": 1}}, "classes": {"MachShipError": {"executed_lines": [], "summary": {"covered_lines": 0, "num_statements": 0, "percent_covered": 100.0, "percent_covered_display": "100", "missing_lines": 0, "excluded_lines": 0, "percent_statements_covered": 100.0, "percent_statements_covered_display": "100"}, "missing_lines": [], "excluded_lines": [], "start_line": 9}, "MachShipHTTPError": {"executed_lines": [24, 25, 26, 27, 28], "summary": {"covered_lines": 5, "num_statements": 9, "percent_covered": 55.55555555555556, "percent_covered_display": "56", "missing_lines": 4, "excluded_lines": 0, "percent_statements_covered": 55.55555555555556, "percent_statements_covered_display": "56"}, "missing_lines": [32, 33, 34, 35], "excluded_lines": [], "start_line": 13}, "MachShipAPIError": {"executed_lines": [47, 48, 49], "summary": {"covered_lines": 3, "num_statements": 4, "percent_covered": 75.0, "percent_covered_display": "75", "missing_lines": 1, "excluded_lines": 0, "percent_statements_covered": 75.0, "percent_statements_covered_display": "75"}, "missing_lines": [53], "excluded_lines": [], "start_line": 38}, "MachShipValidationError": {"executed_lines": [67, 68, 69, 70, 72, 73, 75, 76, 78, 79, 80], "summary": {"covered_lines": 11, "num_statements": 13, "percent_covered": 84.61538461538461, "percent_covered_display": "85", "missing_lines": 2, "excluded_lines": 0, "percent_statements_covered": 84.61538461538461, "percent_statements_covered_display": "85"}, "missing_lines": [71, 77], "excluded_lines": [], "start_line": 56}, "": {"executed_lines": [3, 5, 6, 9, 13, 16, 30, 38, 41, 51, 56, 59, 60], "summary": {"covered_lines": 13, "num_statements": 13, "percent_covered": 100.0, "percent_covered_display": "100", "missing_lines": 0, "excluded_lines": 0, "percent_statements_covered": 100.0, "percent_statements_covered_display": "100"}, "missing_lines": [], "excluded_lines": [], "start_line": 1}}}, "src/machship_sdk/fusedship/__init__.py": {"executed_lines": [3, 5, 6, 7, 8, 9, 23], "summary": {"covered_lines": 7, "num_statements": 7, "percent_covered": 100.0, "percent_covered_display": "100", "missing_lines": 0, "excluded_lines": 0, "percent_statements_covered": 100.0, "percent_statements_covered_display": "100"}, "missing_lines": [], "excluded_lines": [], "functions": {"": {"executed_lines": [3, 5, 6, 7, 8, 9, 23], "summary": {"covered_lines": 7, "num_statements": 7, "percent_covered": 100.0, "percent_covered_display": "100", "missing_lines": 0, "excluded_lines": 0, "percent_statements_covered": 100.0, "percent_statements_covered_display": "100"}, "missing_lines": [], "excluded_lines": [], "start_line": 1}}, "classes": {"": {"executed_lines": [3, 5, 6, 7, 8, 9, 23], "summary": {"covered_lines": 7, "num_statements": 7, "percent_covered": 100.0, "percent_covered_display": "100", "missing_lines": 0, "excluded_lines": 0, "percent_statements_covered": 100.0, "percent_statements_covered_display": "100"}, "missing_lines": [], "excluded_lines": [], "start_line": 1}}}, "src/machship_sdk/fusedship/async_client.py": {"executed_lines": [3, 5, 6, 7, 8, 10, 12, 13, 14, 15, 16, 17, 18, 19, 20, 27, 30, 49, 53, 55, 57, 59, 62, 70, 94, 97, 98, 104, 105, 106, 107, 109, 110, 114, 115, 119, 120, 144, 153, 154, 160, 163, 164, 165, 169, 171, 173, 174, 176, 180, 184, 211, 217, 218, 219, 227, 237, 238, 257, 282, 290, 291, 317, 337, 356, 357, 362, 373, 375, 397, 407, 428, 429, 430, 431, 433, 438, 445, 466], "summary": {"covered_lines": 79, "num_statements": 120, "percent_covered": 65.83333333333333, "percent_covered_display": "66", "missing_lines": 41, "excluded_lines": 3, "percent_statements_covered": 65.83333333333333, "percent_statements_covered_display": "66"}, "missing_lines": [54, 56, 58, 95, 112, 117, 130, 131, 132, 133, 134, 135, 178, 182, 258, 264, 275, 283, 288, 292, 293, 299, 310, 318, 324, 335, 338, 343, 354, 432, 461, 462, 463, 464, 489, 490, 491, 492, 493, 494, 496], "excluded_lines": [243, 244, 255], "functions": {"_build_headers": {"executed_lines": [49, 53, 55, 57, 59], "summary": {"covered_lines": 5, "num_statements": 8, "percent_covered": 62.5, "percent_covered_display": "62", "missing_lines": 3, "excluded_lines": 0, "percent_statements_covered": 62.5, "percent_statements_covered_display": "62"}, "missing_lines": [54, 56, 58], "excluded_lines": [], "start_line": 30}, "AsyncFusedShipClient.__init__": {"executed_lines": [94, 97, 98, 104, 105, 106, 107], "summary": {"covered_lines": 7, "num_statements": 8, "percent_covered": 87.5, "percent_covered_display": "88", "missing_lines": 1, "excluded_lines": 0, "percent_statements_covered": 87.5, "percent_statements_covered_display": "88"}, "missing_lines": [95], "excluded_lines": [], "start_line": 70}, "AsyncFusedShipClient.config": {"executed_lines": [], "summary": {"covered_lines": 0, "num_statements": 1, "percent_covered": 0.0, "percent_covered_display": "0", "missing_lines": 1, "excluded_lines": 0, "percent_statements_covered": 0.0, "percent_statements_covered_display": "0"}, "missing_lines": [112], "excluded_lines": [], "start_line": 110}, "AsyncFusedShipClient.http_client": {"executed_lines": [], "summary": {"covered_lines": 0, "num_statements": 1, "percent_covered": 0.0, "percent_covered_display": "0", "missing_lines": 1, "excluded_lines": 0, "percent_statements_covered": 0.0, "percent_statements_covered_display": "0"}, "missing_lines": [117], "excluded_lines": [], "start_line": 115}, "AsyncFusedShipClient.from_env": {"executed_lines": [], "summary": {"covered_lines": 0, "num_statements": 6, "percent_covered": 0.0, "percent_covered_display": "0", "missing_lines": 6, "excluded_lines": 0, "percent_statements_covered": 0.0, "percent_statements_covered_display": "0"}, "missing_lines": [130, 131, 132, 133, 134, 135], "excluded_lines": [], "start_line": 120}, "AsyncFusedShipClient._prepare_request": {"executed_lines": [153, 154, 160, 163, 164, 165, 169], "summary": {"covered_lines": 7, "num_statements": 7, "percent_covered": 100.0, "percent_covered_display": "100", "missing_lines": 0, "excluded_lines": 0, "percent_statements_covered": 100.0, "percent_statements_covered_display": "100"}, "missing_lines": [], "excluded_lines": [], "start_line": 144}, "AsyncFusedShipClient.aclose": {"executed_lines": [173, 174], "summary": {"covered_lines": 2, "num_statements": 2, "percent_covered": 100.0, "percent_covered_display": "100", "missing_lines": 0, "excluded_lines": 0, "percent_statements_covered": 100.0, "percent_statements_covered_display": "100"}, "missing_lines": [], "excluded_lines": [], "start_line": 171}, "AsyncFusedShipClient.__aenter__": {"executed_lines": [], "summary": {"covered_lines": 0, "num_statements": 1, "percent_covered": 0.0, "percent_covered_display": "0", "missing_lines": 1, "excluded_lines": 0, "percent_statements_covered": 0.0, "percent_statements_covered_display": "0"}, "missing_lines": [178], "excluded_lines": [], "start_line": 176}, "AsyncFusedShipClient.__aexit__": {"executed_lines": [], "summary": {"covered_lines": 0, "num_statements": 1, "percent_covered": 0.0, "percent_covered_display": "0", "missing_lines": 1, "excluded_lines": 0, "percent_statements_covered": 0.0, "percent_statements_covered_display": "0"}, "missing_lines": [182], "excluded_lines": [], "start_line": 180}, "AsyncFusedShipClient._request": {"executed_lines": [211, 217, 218, 219, 227, 237, 238, 257, 282, 290, 291, 317, 337, 356, 357, 362, 373], "summary": {"covered_lines": 17, "num_statements": 32, "percent_covered": 53.125, "percent_covered_display": "53", "missing_lines": 15, "excluded_lines": 3, "percent_statements_covered": 53.125, "percent_statements_covered_display": "53"}, "missing_lines": [258, 264, 275, 283, 288, 292, 293, 299, 310, 318, 324, 335, 338, 343, 354], "excluded_lines": [243, 244, 255], "start_line": 184}, "AsyncFusedShipClient.request": {"executed_lines": [397], "summary": {"covered_lines": 1, "num_statements": 1, "percent_covered": 100.0, "percent_covered_display": "100", "missing_lines": 0, "excluded_lines": 0, "percent_statements_covered": 100.0, "percent_statements_covered_display": "100"}, "missing_lines": [], "excluded_lines": [], "start_line": 375}, "AsyncFusedShipClient.request_token": {"executed_lines": [428, 429, 430, 431, 433, 438], "summary": {"covered_lines": 6, "num_statements": 7, "percent_covered": 85.71428571428571, "percent_covered_display": "86", "missing_lines": 1, "excluded_lines": 0, "percent_statements_covered": 85.71428571428571, "percent_statements_covered_display": "86"}, "missing_lines": [432], "excluded_lines": [], "start_line": 407}, "AsyncFusedShipClient.build_ecommerce_url": {"executed_lines": [], "summary": {"covered_lines": 0, "num_statements": 4, "percent_covered": 0.0, "percent_covered_display": "0", "missing_lines": 4, "excluded_lines": 0, "percent_statements_covered": 0.0, "percent_statements_covered_display": "0"}, "missing_lines": [461, 462, 463, 464], "excluded_lines": [], "start_line": 445}, "AsyncFusedShipClient.quote_live_pricing": {"executed_lines": [], "summary": {"covered_lines": 0, "num_statements": 7, "percent_covered": 0.0, "percent_covered_display": "0", "missing_lines": 7, "excluded_lines": 0, "percent_statements_covered": 0.0, "percent_statements_covered_display": "0"}, "missing_lines": [489, 490, 491, 492, 493, 494, 496], "excluded_lines": [], "start_line": 466}, "": {"executed_lines": [3, 5, 6, 7, 8, 10, 12, 13, 14, 15, 16, 17, 18, 19, 20, 27, 30, 62, 70, 109, 110, 114, 115, 119, 120, 144, 171, 176, 180, 184, 375, 407, 445, 466], "summary": {"covered_lines": 34, "num_statements": 34, "percent_covered": 100.0, "percent_covered_display": "100", "missing_lines": 0, "excluded_lines": 0, "percent_statements_covered": 100.0, "percent_statements_covered_display": "100"}, "missing_lines": [], "excluded_lines": [], "start_line": 1}}, "classes": {"AsyncFusedShipClient": {"executed_lines": [94, 97, 98, 104, 105, 106, 107, 153, 154, 160, 163, 164, 165, 169, 173, 174, 211, 217, 218, 219, 227, 237, 238, 257, 282, 290, 291, 317, 337, 356, 357, 362, 373, 397, 428, 429, 430, 431, 433, 438], "summary": {"covered_lines": 40, "num_statements": 78, "percent_covered": 51.282051282051285, "percent_covered_display": "51", "missing_lines": 38, "excluded_lines": 3, "percent_statements_covered": 51.282051282051285, "percent_statements_covered_display": "51"}, "missing_lines": [95, 112, 117, 130, 131, 132, 133, 134, 135, 178, 182, 258, 264, 275, 283, 288, 292, 293, 299, 310, 318, 324, 335, 338, 343, 354, 432, 461, 462, 463, 464, 489, 490, 491, 492, 493, 494, 496], "excluded_lines": [243, 244, 255], "start_line": 62}, "": {"executed_lines": [3, 5, 6, 7, 8, 10, 12, 13, 14, 15, 16, 17, 18, 19, 20, 27, 30, 49, 53, 55, 57, 59, 62, 70, 109, 110, 114, 115, 119, 120, 144, 171, 176, 180, 184, 375, 407, 445, 466], "summary": {"covered_lines": 39, "num_statements": 42, "percent_covered": 92.85714285714286, "percent_covered_display": "93", "missing_lines": 3, "excluded_lines": 0, "percent_statements_covered": 92.85714285714286, "percent_statements_covered_display": "93"}, "missing_lines": [54, 56, 58], "excluded_lines": [], "start_line": 1}}}, "src/machship_sdk/fusedship/client.py": {"executed_lines": [3, 5, 6, 7, 8, 10, 12, 13, 14, 15, 16, 17, 18, 19, 20, 27, 30, 49, 53, 54, 55, 56, 57, 58, 59, 62, 70, 94, 97, 98, 104, 105, 106, 107, 109, 110, 114, 115, 119, 120, 144, 153, 154, 160, 163, 164, 165, 169, 171, 176, 180, 184, 211, 217, 218, 219, 227, 237, 238, 257, 282, 290, 291, 317, 318, 324, 335, 337, 356, 357, 362, 373, 375, 397, 407, 428, 429, 430, 431, 433, 438, 445, 461, 462, 463, 464, 466, 489, 490, 491, 493, 496], "summary": {"covered_lines": 92, "num_statements": 120, "percent_covered": 76.66666666666667, "percent_covered_display": "77", "missing_lines": 28, "excluded_lines": 3, "percent_statements_covered": 76.66666666666667, "percent_statements_covered_display": "77"}, "missing_lines": [95, 112, 117, 130, 131, 132, 133, 134, 135, 173, 174, 178, 182, 258, 264, 275, 283, 288, 292, 293, 299, 310, 338, 343, 354, 432, 492, 494], "excluded_lines": [243, 244, 255], "functions": {"_build_headers": {"executed_lines": [49, 53, 54, 55, 56, 57, 58, 59], "summary": {"covered_lines": 8, "num_statements": 8, "percent_covered": 100.0, "percent_covered_display": "100", "missing_lines": 0, "excluded_lines": 0, "percent_statements_covered": 100.0, "percent_statements_covered_display": "100"}, "missing_lines": [], "excluded_lines": [], "start_line": 30}, "FusedShipClient.__init__": {"executed_lines": [94, 97, 98, 104, 105, 106, 107], "summary": {"covered_lines": 7, "num_statements": 8, "percent_covered": 87.5, "percent_covered_display": "88", "missing_lines": 1, "excluded_lines": 0, "percent_statements_covered": 87.5, "percent_statements_covered_display": "88"}, "missing_lines": [95], "excluded_lines": [], "start_line": 70}, "FusedShipClient.config": {"executed_lines": [], "summary": {"covered_lines": 0, "num_statements": 1, "percent_covered": 0.0, "percent_covered_display": "0", "missing_lines": 1, "excluded_lines": 0, "percent_statements_covered": 0.0, "percent_statements_covered_display": "0"}, "missing_lines": [112], "excluded_lines": [], "start_line": 110}, "FusedShipClient.http_client": {"executed_lines": [], "summary": {"covered_lines": 0, "num_statements": 1, "percent_covered": 0.0, "percent_covered_display": "0", "missing_lines": 1, "excluded_lines": 0, "percent_statements_covered": 0.0, "percent_statements_covered_display": "0"}, "missing_lines": [117], "excluded_lines": [], "start_line": 115}, "FusedShipClient.from_env": {"executed_lines": [], "summary": {"covered_lines": 0, "num_statements": 6, "percent_covered": 0.0, "percent_covered_display": "0", "missing_lines": 6, "excluded_lines": 0, "percent_statements_covered": 0.0, "percent_statements_covered_display": "0"}, "missing_lines": [130, 131, 132, 133, 134, 135], "excluded_lines": [], "start_line": 120}, "FusedShipClient._prepare_request": {"executed_lines": [153, 154, 160, 163, 164, 165, 169], "summary": {"covered_lines": 7, "num_statements": 7, "percent_covered": 100.0, "percent_covered_display": "100", "missing_lines": 0, "excluded_lines": 0, "percent_statements_covered": 100.0, "percent_statements_covered_display": "100"}, "missing_lines": [], "excluded_lines": [], "start_line": 144}, "FusedShipClient.close": {"executed_lines": [], "summary": {"covered_lines": 0, "num_statements": 2, "percent_covered": 0.0, "percent_covered_display": "0", "missing_lines": 2, "excluded_lines": 0, "percent_statements_covered": 0.0, "percent_statements_covered_display": "0"}, "missing_lines": [173, 174], "excluded_lines": [], "start_line": 171}, "FusedShipClient.__enter__": {"executed_lines": [], "summary": {"covered_lines": 0, "num_statements": 1, "percent_covered": 0.0, "percent_covered_display": "0", "missing_lines": 1, "excluded_lines": 0, "percent_statements_covered": 0.0, "percent_statements_covered_display": "0"}, "missing_lines": [178], "excluded_lines": [], "start_line": 176}, "FusedShipClient.__exit__": {"executed_lines": [], "summary": {"covered_lines": 0, "num_statements": 1, "percent_covered": 0.0, "percent_covered_display": "0", "missing_lines": 1, "excluded_lines": 0, "percent_statements_covered": 0.0, "percent_statements_covered_display": "0"}, "missing_lines": [182], "excluded_lines": [], "start_line": 180}, "FusedShipClient._request": {"executed_lines": [211, 217, 218, 219, 227, 237, 238, 257, 282, 290, 291, 317, 318, 324, 335, 337, 356, 357, 362, 373], "summary": {"covered_lines": 20, "num_statements": 32, "percent_covered": 62.5, "percent_covered_display": "62", "missing_lines": 12, "excluded_lines": 3, "percent_statements_covered": 62.5, "percent_statements_covered_display": "62"}, "missing_lines": [258, 264, 275, 283, 288, 292, 293, 299, 310, 338, 343, 354], "excluded_lines": [243, 244, 255], "start_line": 184}, "FusedShipClient.request": {"executed_lines": [397], "summary": {"covered_lines": 1, "num_statements": 1, "percent_covered": 100.0, "percent_covered_display": "100", "missing_lines": 0, "excluded_lines": 0, "percent_statements_covered": 100.0, "percent_statements_covered_display": "100"}, "missing_lines": [], "excluded_lines": [], "start_line": 375}, "FusedShipClient.request_token": {"executed_lines": [428, 429, 430, 431, 433, 438], "summary": {"covered_lines": 6, "num_statements": 7, "percent_covered": 85.71428571428571, "percent_covered_display": "86", "missing_lines": 1, "excluded_lines": 0, "percent_statements_covered": 85.71428571428571, "percent_statements_covered_display": "86"}, "missing_lines": [432], "excluded_lines": [], "start_line": 407}, "FusedShipClient.build_ecommerce_url": {"executed_lines": [461, 462, 463, 464], "summary": {"covered_lines": 4, "num_statements": 4, "percent_covered": 100.0, "percent_covered_display": "100", "missing_lines": 0, "excluded_lines": 0, "percent_statements_covered": 100.0, "percent_statements_covered_display": "100"}, "missing_lines": [], "excluded_lines": [], "start_line": 445}, "FusedShipClient.quote_live_pricing": {"executed_lines": [489, 490, 491, 493, 496], "summary": {"covered_lines": 5, "num_statements": 7, "percent_covered": 71.42857142857143, "percent_covered_display": "71", "missing_lines": 2, "excluded_lines": 0, "percent_statements_covered": 71.42857142857143, "percent_statements_covered_display": "71"}, "missing_lines": [492, 494], "excluded_lines": [], "start_line": 466}, "": {"executed_lines": [3, 5, 6, 7, 8, 10, 12, 13, 14, 15, 16, 17, 18, 19, 20, 27, 30, 62, 70, 109, 110, 114, 115, 119, 120, 144, 171, 176, 180, 184, 375, 407, 445, 466], "summary": {"covered_lines": 34, "num_statements": 34, "percent_covered": 100.0, "percent_covered_display": "100", "missing_lines": 0, "excluded_lines": 0, "percent_statements_covered": 100.0, "percent_statements_covered_display": "100"}, "missing_lines": [], "excluded_lines": [], "start_line": 1}}, "classes": {"FusedShipClient": {"executed_lines": [94, 97, 98, 104, 105, 106, 107, 153, 154, 160, 163, 164, 165, 169, 211, 217, 218, 219, 227, 237, 238, 257, 282, 290, 291, 317, 318, 324, 335, 337, 356, 357, 362, 373, 397, 428, 429, 430, 431, 433, 438, 461, 462, 463, 464, 489, 490, 491, 493, 496], "summary": {"covered_lines": 50, "num_statements": 78, "percent_covered": 64.1025641025641, "percent_covered_display": "64", "missing_lines": 28, "excluded_lines": 3, "percent_statements_covered": 64.1025641025641, "percent_statements_covered_display": "64"}, "missing_lines": [95, 112, 117, 130, 131, 132, 133, 134, 135, 173, 174, 178, 182, 258, 264, 275, 283, 288, 292, 293, 299, 310, 338, 343, 354, 432, 492, 494], "excluded_lines": [243, 244, 255], "start_line": 62}, "": {"executed_lines": [3, 5, 6, 7, 8, 10, 12, 13, 14, 15, 16, 17, 18, 19, 20, 27, 30, 49, 53, 54, 55, 56, 57, 58, 59, 62, 70, 109, 110, 114, 115, 119, 120, 144, 171, 176, 180, 184, 375, 407, 445, 466], "summary": {"covered_lines": 42, "num_statements": 42, "percent_covered": 100.0, "percent_covered_display": "100", "missing_lines": 0, "excluded_lines": 0, "percent_statements_covered": 100.0, "percent_statements_covered_display": "100"}, "missing_lines": [], "excluded_lines": [], "start_line": 1}}}, "src/machship_sdk/fusedship/config.py": {"executed_lines": [3, 5, 6, 7, 9, 11, 14, 31, 32, 48, 49, 50, 51, 52, 53, 54, 55, 56, 58, 60, 62, 63, 105, 121], "summary": {"covered_lines": 24, "num_statements": 40, "percent_covered": 60.0, "percent_covered_display": "60", "missing_lines": 16, "excluded_lines": 0, "percent_statements_covered": 60.0, "percent_statements_covered_display": "60"}, "missing_lines": [24, 25, 26, 27, 28, 93, 115, 116, 117, 118, 119, 131, 132, 133, 134, 135], "excluded_lines": [], "functions": {"_first_env_value": {"executed_lines": [], "summary": {"covered_lines": 0, "num_statements": 5, "percent_covered": 0.0, "percent_covered_display": "0", "missing_lines": 5, "excluded_lines": 0, "percent_statements_covered": 0.0, "percent_statements_covered_display": "0"}, "missing_lines": [24, 25, 26, 27, 28], "excluded_lines": [], "start_line": 14}, "FusedShipConfig.__post_init__": {"executed_lines": [60], "summary": {"covered_lines": 1, "num_statements": 1, "percent_covered": 100.0, "percent_covered_display": "100", "missing_lines": 0, "excluded_lines": 0, "percent_statements_covered": 100.0, "percent_statements_covered_display": "100"}, "missing_lines": [], "excluded_lines": [], "start_line": 58}, "FusedShipConfig.from_env": {"executed_lines": [], "summary": {"covered_lines": 0, "num_statements": 1, "percent_covered": 0.0, "percent_covered_display": "0", "missing_lines": 1, "excluded_lines": 0, "percent_statements_covered": 0.0, "percent_statements_covered_display": "0"}, "missing_lines": [93], "excluded_lines": [], "start_line": 63}, "FusedShipConfig.require_live_pricing_credentials": {"executed_lines": [], "summary": {"covered_lines": 0, "num_statements": 5, "percent_covered": 0.0, "percent_covered_display": "0", "missing_lines": 5, "excluded_lines": 0, "percent_statements_covered": 0.0, "percent_statements_covered_display": "0"}, "missing_lines": [115, 116, 117, 118, 119], "excluded_lines": [], "start_line": 105}, "FusedShipConfig.require_ecommerce_credentials": {"executed_lines": [], "summary": {"covered_lines": 0, "num_statements": 5, "percent_covered": 0.0, "percent_covered_display": "0", "missing_lines": 5, "excluded_lines": 0, "percent_statements_covered": 0.0, "percent_statements_covered_display": "0"}, "missing_lines": [131, 132, 133, 134, 135], "excluded_lines": [], "start_line": 121}, "": {"executed_lines": [3, 5, 6, 7, 9, 11, 14, 31, 32, 48, 49, 50, 51, 52, 53, 54, 55, 56, 58, 62, 63, 105, 121], "summary": {"covered_lines": 23, "num_statements": 23, "percent_covered": 100.0, "percent_covered_display": "100", "missing_lines": 0, "excluded_lines": 0, "percent_statements_covered": 100.0, "percent_statements_covered_display": "100"}, "missing_lines": [], "excluded_lines": [], "start_line": 1}}, "classes": {"FusedShipConfig": {"executed_lines": [60], "summary": {"covered_lines": 1, "num_statements": 12, "percent_covered": 8.333333333333334, "percent_covered_display": "8", "missing_lines": 11, "excluded_lines": 0, "percent_statements_covered": 8.333333333333334, "percent_statements_covered_display": "8"}, "missing_lines": [93, 115, 116, 117, 118, 119, 131, 132, 133, 134, 135], "excluded_lines": [], "start_line": 32}, "": {"executed_lines": [3, 5, 6, 7, 9, 11, 14, 31, 32, 48, 49, 50, 51, 52, 53, 54, 55, 56, 58, 62, 63, 105, 121], "summary": {"covered_lines": 23, "num_statements": 28, "percent_covered": 82.14285714285714, "percent_covered_display": "82", "missing_lines": 5, "excluded_lines": 0, "percent_statements_covered": 82.14285714285714, "percent_statements_covered_display": "82"}, "missing_lines": [24, 25, 26, 27, 28], "excluded_lines": [], "start_line": 1}}}, "src/machship_sdk/fusedship/exceptions.py": {"executed_lines": [3, 6, 10, 13, 35, 43, 46, 53, 54, 56], "summary": {"covered_lines": 10, "num_statements": 20, "percent_covered": 50.0, "percent_covered_display": "50", "missing_lines": 10, "excluded_lines": 0, "percent_statements_covered": 50.0, "percent_statements_covered_display": "50"}, "missing_lines": [29, 30, 31, 32, 33, 37, 38, 39, 40, 58], "excluded_lines": [], "functions": {"FusedShipHTTPError.__init__": {"executed_lines": [], "summary": {"covered_lines": 0, "num_statements": 5, "percent_covered": 0.0, "percent_covered_display": "0", "missing_lines": 5, "excluded_lines": 0, "percent_statements_covered": 0.0, "percent_statements_covered_display": "0"}, "missing_lines": [29, 30, 31, 32, 33], "excluded_lines": [], "start_line": 13}, "FusedShipHTTPError.__str__": {"executed_lines": [], "summary": {"covered_lines": 0, "num_statements": 4, "percent_covered": 0.0, "percent_covered_display": "0", "missing_lines": 4, "excluded_lines": 0, "percent_statements_covered": 0.0, "percent_statements_covered_display": "0"}, "missing_lines": [37, 38, 39, 40], "excluded_lines": [], "start_line": 35}, "FusedShipAPIError.__init__": {"executed_lines": [53, 54], "summary": {"covered_lines": 2, "num_statements": 2, "percent_covered": 100.0, "percent_covered_display": "100", "missing_lines": 0, "excluded_lines": 0, "percent_statements_covered": 100.0, "percent_statements_covered_display": "100"}, "missing_lines": [], "excluded_lines": [], "start_line": 46}, "FusedShipAPIError.__str__": {"executed_lines": [], "summary": {"covered_lines": 0, "num_statements": 1, "percent_covered": 0.0, "percent_covered_display": "0", "missing_lines": 1, "excluded_lines": 0, "percent_statements_covered": 0.0, "percent_statements_covered_display": "0"}, "missing_lines": [58], "excluded_lines": [], "start_line": 56}, "": {"executed_lines": [3, 6, 10, 13, 35, 43, 46, 56], "summary": {"covered_lines": 8, "num_statements": 8, "percent_covered": 100.0, "percent_covered_display": "100", "missing_lines": 0, "excluded_lines": 0, "percent_statements_covered": 100.0, "percent_statements_covered_display": "100"}, "missing_lines": [], "excluded_lines": [], "start_line": 1}}, "classes": {"FusedShipError": {"executed_lines": [], "summary": {"covered_lines": 0, "num_statements": 0, "percent_covered": 100.0, "percent_covered_display": "100", "missing_lines": 0, "excluded_lines": 0, "percent_statements_covered": 100.0, "percent_statements_covered_display": "100"}, "missing_lines": [], "excluded_lines": [], "start_line": 6}, "FusedShipHTTPError": {"executed_lines": [], "summary": {"covered_lines": 0, "num_statements": 9, "percent_covered": 0.0, "percent_covered_display": "0", "missing_lines": 9, "excluded_lines": 0, "percent_statements_covered": 0.0, "percent_statements_covered_display": "0"}, "missing_lines": [29, 30, 31, 32, 33, 37, 38, 39, 40], "excluded_lines": [], "start_line": 10}, "FusedShipAPIError": {"executed_lines": [53, 54], "summary": {"covered_lines": 2, "num_statements": 3, "percent_covered": 66.66666666666667, "percent_covered_display": "67", "missing_lines": 1, "excluded_lines": 0, "percent_statements_covered": 66.66666666666667, "percent_statements_covered_display": "67"}, "missing_lines": [58], "excluded_lines": [], "start_line": 43}, "": {"executed_lines": [3, 6, 10, 13, 35, 43, 46, 56], "summary": {"covered_lines": 8, "num_statements": 8, "percent_covered": 100.0, "percent_covered_display": "100", "missing_lines": 0, "excluded_lines": 0, "percent_statements_covered": 100.0, "percent_statements_covered_display": "100"}, "missing_lines": [], "excluded_lines": [], "start_line": 1}}}, "src/machship_sdk/fusedship/models.py": {"executed_lines": [3, 5, 6, 8, 11, 14, 17, 20, 21, 22, 23, 24, 25, 26, 27, 28, 29, 30, 31, 34, 37, 38, 39, 42, 45, 46, 47, 48, 49, 52, 55, 56, 57, 58, 59, 60, 61, 64, 68, 71, 72, 73, 74, 77, 80, 83, 86, 87, 88, 89, 90, 91, 92, 93, 94, 95, 96, 99, 102, 103, 106, 109, 110, 113, 116], "summary": {"covered_lines": 65, "num_statements": 65, "percent_covered": 100.0, "percent_covered_display": "100", "missing_lines": 0, "excluded_lines": 0, "percent_statements_covered": 100.0, "percent_statements_covered_display": "100"}, "missing_lines": [], "excluded_lines": [], "functions": {"": {"executed_lines": [3, 5, 6, 8, 11, 14, 17, 20, 21, 22, 23, 24, 25, 26, 27, 28, 29, 30, 31, 34, 37, 38, 39, 42, 45, 46, 47, 48, 49, 52, 55, 56, 57, 58, 59, 60, 61, 64, 68, 71, 72, 73, 74, 77, 80, 83, 86, 87, 88, 89, 90, 91, 92, 93, 94, 95, 96, 99, 102, 103, 106, 109, 110, 113, 116], "summary": {"covered_lines": 65, "num_statements": 65, "percent_covered": 100.0, "percent_covered_display": "100", "missing_lines": 0, "excluded_lines": 0, "percent_statements_covered": 100.0, "percent_statements_covered_display": "100"}, "missing_lines": [], "excluded_lines": [], "start_line": 1}}, "classes": {"FusedShipBaseModel": {"executed_lines": [], "summary": {"covered_lines": 0, "num_statements": 0, "percent_covered": 100.0, "percent_covered_display": "100", "missing_lines": 0, "excluded_lines": 0, "percent_statements_covered": 100.0, "percent_statements_covered_display": "100"}, "missing_lines": [], "excluded_lines": [], "start_line": 11}, "FusedShipAddress": {"executed_lines": [], "summary": {"covered_lines": 0, "num_statements": 0, "percent_covered": 100.0, "percent_covered_display": "100", "missing_lines": 0, "excluded_lines": 0, "percent_statements_covered": 100.0, "percent_statements_covered_display": "100"}, "missing_lines": [], "excluded_lines": [], "start_line": 17}, "FusedShipShippingOptions": {"executed_lines": [], "summary": {"covered_lines": 0, "num_statements": 0, "percent_covered": 100.0, "percent_covered_display": "100", "missing_lines": 0, "excluded_lines": 0, "percent_statements_covered": 100.0, "percent_statements_covered_display": "100"}, "missing_lines": [], "excluded_lines": [], "start_line": 34}, "FusedShipShippingItem": {"executed_lines": [], "summary": {"covered_lines": 0, "num_statements": 0, "percent_covered": 100.0, "percent_covered_display": "100", "missing_lines": 0, "excluded_lines": 0, "percent_statements_covered": 100.0, "percent_statements_covered_display": "100"}, "missing_lines": [], "excluded_lines": [], "start_line": 42}, "FusedShipQuoteItem": {"executed_lines": [], "summary": {"covered_lines": 0, "num_statements": 0, "percent_covered": 100.0, "percent_covered_display": "100", "missing_lines": 0, "excluded_lines": 0, "percent_statements_covered": 100.0, "percent_statements_covered_display
[...]
0, 7301, 7304, 7307, 7308, 7309, 7310, 7311, 7312, 7313, 7316, 7319, 7322, 7325, 7328, 7329, 7330, 7331, 7334, 7335, 7338, 7339, 7340, 7341, 7342, 7343, 7344, 7345, 7348, 7351, 7354, 7357, 7358, 7359, 7360, 7361, 7362, 7365, 7368, 7369, 7370, 7371, 7372, 7373, 7374, 7375, 7376, 7377, 7378, 7379, 7380, 7381, 7382, 7383, 7384, 7385, 7386, 7387, 7388, 7389, 7390, 7393, 7396, 7399, 7400, 7401, 7402, 7403, 7404, 7405, 7408, 7411, 7412, 7413, 7414, 7415, 7416, 7417, 7418, 7419, 7420, 7421, 7422, 7423, 7424, 7425, 7426, 7427, 7428, 7429, 7430, 7431, 7432, 7435, 7438, 7439, 7442, 7443, 7444, 7445, 7446, 7447, 7448, 7449, 7452, 7453, 7454, 7455, 7456, 7457, 7458, 7461, 7466, 7467, 7468, 7469, 7470, 7471, 7476, 7481, 7486, 7487, 7488, 7489, 7490, 7493, 7494, 7497, 7500, 7503, 7506, 7509, 7510, 7511, 7512, 7513, 7514, 7515, 7518, 7521, 7526, 7527, 7528, 7529, 7530, 7533, 7534, 7535, 7536, 7537, 7538, 7539, 7542, 7543, 7544, 7547, 7550, 7551, 7552, 7553, 7554, 7555, 7558, 7561, 7564, 7565, 7566, 7571, 7572, 7576, 7577, 7578, 7579, 7580, 7581, 7582, 7583, 7584, 7585, 7586, 7587, 7588, 7591, 7594, 7595, 7599, 7600, 7601, 7604, 7607, 7608, 7609, 7610, 7613, 7616, 7619, 7622, 7623, 7624, 7625, 7628, 7629, 7632, 7635, 7638, 7641, 7644, 7645, 7649, 7650, 7651, 7654, 7655, 7659, 7660, 7661, 7662, 7663, 7666, 7667, 7670, 7673, 7678, 7679, 7680, 7681, 7682, 7683, 7684, 7685, 7690, 7691, 7692, 7697, 7698, 7701, 7704, 7705, 7706, 7711, 7712, 7713, 7714, 7715, 7720, 7725, 7728, 7731, 7732, 7733, 7736, 7737, 7738, 7739, 7740, 7741, 7742, 7745, 7748, 7751, 7754, 7755, 7756, 7757, 7758, 7759, 7760, 7761, 7762, 7763, 7764, 7767, 7770, 7771, 7772, 7773, 7776, 7777, 7781, 7782, 7783, 7784, 7785, 7788, 7793, 7794, 7798, 7799, 7800, 7801, 7802, 7803, 7804, 7805, 7806, 7807, 7808, 7811, 7812, 7813, 7814, 7815, 7818, 7819, 7822, 7823, 7824, 7827, 7830, 7831, 7832, 7833, 7834, 7837, 7838, 7842, 7843, 7844, 7845, 7846, 7847, 7848, 7851, 7852, 7853, 7854, 7855, 7856, 7857, 7858, 7859, 7860, 7861, 7862, 7865, 7870, 7871, 7875, 7876, 7877, 7878, 7879, 7880, 7881, 7884, 7885, 7886, 7891, 7896, 7897, 7898, 7899, 7900, 7903, 7906, 7907, 7911, 7912, 7913, 7914, 7917, 7918, 7921, 7924, 7925, 7926, 7927, 7928, 7929, 7930, 7933, 7936, 7939, 7942, 7945, 7946, 7947, 7948, 7951, 7952, 7955, 7956, 7957, 7958, 7959, 7960, 7961, 7962, 7965, 7968, 7971, 7974, 7975, 7976, 7977, 7978, 7979, 7982, 7985, 7986, 7987, 7988, 7989, 7990, 7991, 7992, 7993, 7994, 7995, 7996, 7997, 8000, 8003, 8004, 8005, 8006, 8007, 8008, 8009, 8010, 8013, 8014, 8015, 8016, 8019, 8020, 8021, 8024, 8025, 8026, 8027, 8030, 8033, 8034, 8035, 8038, 8041, 8044, 8047, 8048, 8052, 8053, 8054, 8055, 8056, 8059, 8060, 8064, 8065, 8066, 8067, 8070, 8071, 8074, 8077, 8078, 8079, 8080, 8081, 8082, 8083, 8086, 8089, 8092, 8095, 8098, 8099, 8100, 8101, 8104, 8105, 8108, 8109, 8110, 8111, 8112, 8113, 8114, 8115, 8118, 8121, 8124, 8127, 8128, 8129, 8130, 8131, 8132, 8135, 8138, 8139, 8140, 8141, 8142, 8143, 8144, 8145, 8146, 8147, 8148, 8149, 8150, 8153, 8156, 8157, 8158, 8159, 8160, 8161, 8162, 8163, 8166, 8167, 8168, 8169, 8172, 8173, 8174, 8177, 8178, 8179, 8180, 8183, 8186, 8187, 8188, 8191, 8194, 8197, 8198, 8201, 8204, 8207, 8208, 8211, 8214, 8215, 8216, 8219, 8224, 8225, 8229, 8230, 8231, 8232, 8233, 8236, 8237, 8241, 8242, 8247, 8248, 8249, 8250, 8251, 8252, 8255, 8258, 8261, 8262, 8263, 8264, 8265, 8266, 8267, 8268, 8271, 8272, 8273, 8274, 8275, 8276, 8277, 8278, 8279, 8280, 8285, 8290, 8291, 8292, 8293, 8294, 8295, 8298, 8301, 8302, 8303, 8304, 8305, 8306, 8307, 8308, 8313, 8314, 8318, 8323, 8328, 8329, 8333, 8334, 8337, 8338, 8342, 8347, 8350, 8355, 8360, 8365, 8372, 8373, 8377, 8378, 8381, 8382, 8386, 8387, 8388, 8389, 8390, 8393, 8394, 8398, 8399, 8400, 8401, 8402, 8403, 8404, 8405, 8406, 8407, 8408, 8409, 8410, 8413, 8414, 8417, 8418, 8419, 8420, 8421, 8422, 8423, 8424, 8425, 8428, 8431, 8432, 8436, 8437, 8440, 8441, 8445, 8446, 8447, 8450, 8451, 8452, 8453, 8454, 8455, 8456, 8457, 8458, 8459, 8460, 8461, 8462, 8463, 8468, 8469, 8470, 8471, 8472, 8473, 8476, 8477, 8482, 8483, 8487, 8488, 8489, 8490, 8491, 8496, 8497, 8498, 8499, 8500, 8501, 8502, 8503, 8504, 8505, 8506, 8507, 8508, 8509, 8510, 8515, 8516, 8517, 8522, 8523, 8524, 8527, 8530, 8533, 8534, 8538, 8539, 8540, 8541, 8542, 8543, 8544, 8545, 8550, 8555, 8556, 8557, 8558, 8559, 8562, 8563, 8564, 8567, 8568, 8572, 8573, 8574, 8575, 8578, 8579, 8583, 8584, 8585, 8586, 8587, 8588, 8589, 8590, 8591, 8594, 8595, 8596, 8597, 8600, 8601, 8604, 8607, 8608, 8609, 8610, 8611, 8612, 8613, 8614, 8617, 8620, 8623, 8626, 8629, 8630, 8634, 8635, 8636, 8637, 8638, 8641, 8642, 8646, 8647, 8648, 8649, 8650, 8651, 8652, 8653, 8654, 8655, 8656, 8657, 8658, 8659, 8660, 8661, 8662, 8667, 8668, 8672, 8673, 8674, 8675, 8676, 8677, 8680, 8681, 8685, 8686, 8687, 8688, 8689, 8690, 8691, 8692, 8693, 8694, 8695, 8696, 8697, 8698, 8699, 8700, 8701, 8702, 8703, 8704, 8705, 8708, 8711, 8712, 8713, 8714, 8715, 8716, 8717, 8720, 8721, 8725, 8726, 8727, 8728, 8729, 8732, 8733, 8737, 8738, 8739, 8740, 8741, 8742, 8745, 8746, 8750, 8753, 8756, 8759, 8760, 8764, 8765, 8768, 8769, 8773, 8774, 8777, 8778, 8782, 8787, 8788, 8789, 8790, 8795, 8800, 8801, 8806, 8807, 8808, 8809, 8814, 8815, 8816, 8817, 8820, 8821, 8824, 8825, 8828, 8833, 8838, 8843, 8848, 8853, 8854, 8857, 8860, 8861, 8865, 8866, 8867, 8868, 8869, 8870, 8871, 8876, 8877, 8881, 8882, 8883, 8884, 8885, 8886, 8887, 8891, 8892, 8893, 8894, 8895, 8896, 8897, 8900, 8905, 8910, 8911, 8912, 8913, 8914, 8915, 8916, 8917, 8920, 8923, 8924, 8925, 8926, 8927, 8930, 8937, 8938, 8942, 8943, 8944, 8945, 8948, 8949, 8952, 8955, 8956, 8957, 8958, 8959, 8960, 8961, 8964, 8967, 8970, 8973, 8976, 8977, 8978, 8979, 8982, 8983, 8986, 8987, 8988, 8989, 8990, 8991, 8992, 8993, 8996, 8999, 9002, 9005, 9006, 9007, 9008, 9009, 9010, 9013, 9016, 9017, 9018, 9019, 9020, 9021, 9022, 9023, 9024, 9025, 9026, 9029, 9032, 9033, 9034, 9037, 9042, 9043, 9047, 9048, 9049, 9050, 9051, 9054, 9055, 9059, 9060, 9061, 9062, 9063, 9064, 9065, 9066, 9067, 9068, 9069, 9070, 9071, 9072, 9073, 9074, 9075, 9076, 9077, 9078, 9079, 9082, 9083, 9084, 9085, 9088, 9091, 9094, 9095, 9099, 9100, 9101, 9102, 9103, 9104, 9105, 9106, 9107, 9108, 9109, 9110, 9111, 9112, 9113, 9114, 9115, 9116, 9117, 9118, 9119, 9122, 9123, 9124, 9125, 9128, 9131, 9132, 9133, 9136, 9137, 9141, 9142, 9143, 9144, 9145, 9146, 9147, 9148, 9149, 9150, 9151, 9152, 9153, 9154, 9155, 9156, 9157, 9158, 9159, 9160, 9161, 9164, 9165, 9166, 9167, 9170, 9173, 9174, 9175, 9180, 9181, 9182, 9183, 9184, 9185, 9186, 9187, 9188, 9189, 9190, 9191, 9192, 9193, 9194, 9195, 9196, 9197, 9198, 9199, 9200, 9201, 9202, 9203, 9204, 9205, 9206, 9207, 9208, 9209, 9210, 9211, 9212, 9213, 9214, 9215, 9216, 9217], "summary": {"covered_lines": 4950, "num_statements": 4950, "percent_covered": 100.0, "percent_covered_display": "100", "missing_lines": 0, "excluded_lines": 0, "percent_statements_covered": 100.0, "percent_statements_covered_display": "100"}, "missing_lines": [], "excluded_lines": [], "start_line": 1}}}, "src/machship_sdk/retries.py": {"executed_lines": [3, 5, 6, 8, 10, 11, 12, 20, 22, 25, 26, 29, 30, 31, 32, 34, 35, 37, 39, 41, 44, 45, 48, 49, 53, 57, 59, 61, 68, 80, 87, 88, 90, 91, 94, 95, 96, 101, 108, 109], "summary": {"covered_lines": 40, "num_statements": 56, "percent_covered": 71.42857142857143, "percent_covered_display": "71", "missing_lines": 16, "excluded_lines": 6, "percent_statements_covered": 71.42857142857143, "percent_statements_covered_display": "71"}, "missing_lines": [42, 46, 55, 60, 70, 71, 72, 92, 98, 111, 112, 113, 115, 116, 117, 119], "excluded_lines": [13, 14, 15, 16, 17, 18], "functions": {"RetryPolicy.enabled": {"executed_lines": [37], "summary": {"covered_lines": 1, "num_statements": 1, "percent_covered": 100.0, "percent_covered_display": "100", "missing_lines": 0, "excluded_lines": 0, "percent_statements_covered": 100.0, "percent_statements_covered_display": "100"}, "missing_lines": [], "excluded_lines": [], "start_line": 35}, "RetryPolicy.should_retry": {"executed_lines": [41, 44, 45, 48, 49, 53], "summary": {"covered_lines": 6, "num_statements": 9, "percent_covered": 66.66666666666667, "percent_covered_display": "67", "missing_lines": 3, "excluded_lines": 0, "percent_statements_covered": 66.66666666666667, "percent_statements_covered_display": "67"}, "missing_lines": [42, 46, 55], "excluded_lines": [], "start_line": 39}, "RetryPolicy._sync_retryer": {"executed_lines": [59, 61], "summary": {"covered_lines": 2, "num_statements": 3, "percent_covered": 66.66666666666667, "percent_covered_display": "67", "missing_lines": 1, "excluded_lines": 0, "percent_statements_covered": 66.66666666666667, "percent_statements_covered_display": "67"}, "missing_lines": [60], "excluded_lines": [], "start_line": 57}, "RetryPolicy._async_retryer": {"executed_lines": [], "summary": {"covered_lines": 0, "num_statements": 3, "percent_covered": 0.0, "percent_covered_display": "0", "missing_lines": 3, "excluded_lines": 0, "percent_statements_covered": 0.0, "percent_statements_covered_display": "0"}, "missing_lines": [70, 71, 72], "excluded_lines": [], "start_line": 68}, "run_sync_with_retry": {"executed_lines": [87, 88, 90, 91, 94, 95, 96], "summary": {"covered_lines": 7, "num_statements": 9, "percent_covered": 77.77777777777777, "percent_covered_display": "78", "missing_lines": 2, "excluded_lines": 0, "percent_statements_covered": 77.77777777777777, "percent_statements_covered_display": "78"}, "missing_lines": [92, 98], "excluded_lines": [], "start_line": 80}, "run_async_with_retry": {"executed_lines": [108, 109], "summary": {"covered_lines": 2, "num_statements": 9, "percent_covered": 22.22222222222222, "percent_covered_display": "22", "missing_lines": 7, "excluded_lines": 0, "percent_statements_covered": 22.22222222222222, "percent_statements_covered_display": "22"}, "missing_lines": [111, 112, 113, 115, 116, 117, 119], "excluded_lines": [], "start_line": 101}, "": {"executed_lines": [3, 5, 6, 8, 10, 11, 12, 20, 22, 25, 26, 29, 30, 31, 32, 34, 35, 39, 57, 68, 80, 101], "summary": {"covered_lines": 22, "num_statements": 22, "percent_covered": 100.0, "percent_covered_display": "100", "missing_lines": 0, "excluded_lines": 6, "percent_statements_covered": 100.0, "percent_statements_covered_display": "100"}, "missing_lines": [], "excluded_lines": [13, 14, 15, 16, 17, 18], "start_line": 1}}, "classes": {"RetryPolicy": {"executed_lines": [37, 41, 44, 45, 48, 49, 53, 59, 61], "summary": {"covered_lines": 9, "num_statements": 16, "percent_covered": 56.25, "percent_covered_display": "56", "missing_lines": 7, "excluded_lines": 0, "percent_statements_covered": 56.25, "percent_statements_covered_display": "56"}, "missing_lines": [42, 46, 55, 60, 70, 71, 72], "excluded_lines": [], "start_line": 26}, "": {"executed_lines": [3, 5, 6, 8, 10, 11, 12, 20, 22, 25, 26, 29, 30, 31, 32, 34, 35, 39, 57, 68, 80, 87, 88, 90, 91, 94, 95, 96, 101, 108, 109], "summary": {"covered_lines": 31, "num_statements": 40, "percent_covered": 77.5, "percent_covered_display": "78", "missing_lines": 9, "excluded_lines": 6, "percent_statements_covered": 77.5, "percent_statements_covered_display": "78"}, "missing_lines": [92, 98, 111, 112, 113, 115, 116, 117, 119], "excluded_lines": [13, 14, 15, 16, 17, 18], "start_line": 1}}}, "src/machship_sdk/serialization.py": {"executed_lines": [3, 5, 6, 8, 10, 11, 16, 21, 26, 28, 29, 30, 36, 38, 39], "summary": {"covered_lines": 15, "num_statements": 19, "percent_covered": 78.94736842105263, "percent_covered_display": "79", "missing_lines": 4, "excluded_lines": 2, "percent_statements_covered": 78.94736842105263, "percent_statements_covered_display": "79"}, "missing_lines": [18, 23, 31, 40], "excluded_lines": [12, 13], "functions": {"serialize_json_payload": {"executed_lines": [], "summary": {"covered_lines": 0, "num_statements": 1, "percent_covered": 0.0, "percent_covered_display": "0", "missing_lines": 1, "excluded_lines": 0, "percent_statements_covered": 0.0, "percent_statements_covered_display": "0"}, "missing_lines": [18], "excluded_lines": [], "start_line": 16}, "serialize_query_params": {"executed_lines": [], "summary": {"covered_lines": 0, "num_statements": 1, "percent_covered": 0.0, "percent_covered_display": "0", "missing_lines": 1, "excluded_lines": 0, "percent_statements_covered": 0.0, "percent_statements_covered_display": "0"}, "missing_lines": [23], "excluded_lines": [], "start_line": 21}, "dump_json_payload": {"executed_lines": [28, 29, 30], "summary": {"covered_lines": 3, "num_statements": 4, "percent_covered": 75.0, "percent_covered_display": "75", "missing_lines": 1, "excluded_lines": 0, "percent_statements_covered": 75.0, "percent_statements_covered_display": "75"}, "missing_lines": [31], "excluded_lines": [], "start_line": 26}, "load_json_payload": {"executed_lines": [38, 39], "summary": {"covered_lines": 2, "num_statements": 3, "percent_covered": 66.66666666666667, "percent_covered_display": "67", "missing_lines": 1, "excluded_lines": 0, "percent_statements_covered": 66.66666666666667, "percent_statements_covered_display": "67"}, "missing_lines": [40], "excluded_lines": [], "start_line": 36}, "": {"executed_lines": [3, 5, 6, 8, 10, 11, 16, 21, 26, 36], "summary": {"covered_lines": 10, "num_statements": 10, "percent_covered": 100.0, "percent_covered_display": "100", "missing_lines": 0, "excluded_lines": 2, "percent_statements_covered": 100.0, "percent_statements_covered_display": "100"}, "missing_lines": [], "excluded_lines": [12, 13], "start_line": 1}}, "classes": {"": {"executed_lines": [3, 5, 6, 8, 10, 11, 16, 21, 26, 28, 29, 30, 36, 38, 39], "summary": {"covered_lines": 15, "num_statements": 19, "percent_covered": 78.94736842105263, "percent_covered_display": "79", "missing_lines": 4, "excluded_lines": 2, "percent_statements_covered": 78.94736842105263, "percent_statements_covered_display": "79"}, "missing_lines": [18, 23, 31, 40], "excluded_lines": [12, 13], "start_line": 1}}}, "src/machship_sdk/settings.py": {"executed_lines": [3, 5, 7, 9, 10, 16, 17, 19, 22, 25, 31, 32, 38, 42, 46, 50, 54, 59, 60, 64, 66, 72, 74], "summary": {"covered_lines": 23, "num_statements": 24, "percent_covered": 95.83333333333333, "percent_covered_display": "96", "missing_lines": 1, "excluded_lines": 2, "percent_statements_covered": 95.83333333333333, "percent_statements_covered_display": "96"}, "missing_lines": [62], "excluded_lines": [11, 12], "functions": {"MachShipSDKSettings.from_env": {"executed_lines": [], "summary": {"covered_lines": 0, "num_statements": 1, "percent_covered": 0.0, "percent_covered_display": "0", "missing_lines": 1, "excluded_lines": 0, "percent_statements_covered": 0.0, "percent_statements_covered_display": "0"}, "missing_lines": [62], "excluded_lines": [], "start_line": 60}, "MachShipSDKSettings.to_machship_config": {"executed_lines": [66], "summary": {"covered_lines": 1, "num_statements": 1, "percent_covered": 100.0, "percent_covered_display": "100", "missing_lines": 0, "excluded_lines": 0, "percent_statements_covered": 100.0, "percent_statements_covered_display": "100"}, "missing_lines": [], "excluded_lines": [], "start_line": 64}, "MachShipSDKSettings.to_fusedship_config": {"executed_lines": [74], "summary": {"covered_lines": 1, "num_statements": 1, "percent_covered": 100.0, "percent_covered_display": "100", "missing_lines": 0, "excluded_lines": 0, "percent_statements_covered": 100.0, "percent_statements_covered_display": "100"}, "missing_lines": [], "excluded_lines": [], "start_line": 72}, "": {"executed_lines": [3, 5, 7, 9, 10, 16, 17, 19, 22, 25, 31, 32, 38, 42, 46, 50, 54, 59, 60, 64, 72], "summary": {"covered_lines": 21, "num_statements": 21, "percent_covered": 100.0, "percent_covered_display": "100", "missing_lines": 0, "excluded_lines": 2, "percent_statements_covered": 100.0, "percent_statements_covered_display": "100"}, "missing_lines": [], "excluded_lines": [11, 12], "start_line": 1}}, "classes": {"MachShipSDKSettings": {"executed_lines": [66, 74], "summary": {"covered_lines": 2, "num_statements": 3, "percent_covered": 66.66666666666667, "percent_covered_display": "67", "missing_lines": 1, "excluded_lines": 0, "percent_statements_covered": 66.66666666666667, "percent_statements_covered_display": "67"}, "missing_lines": [62], "excluded_lines": [], "start_line": 22}, "": {"executed_lines": [3, 5, 7, 9, 10, 16, 17, 19, 22, 25, 31, 32, 38, 42, 46, 50, 54, 59, 60, 64, 72], "summary": {"covered_lines": 21, "num_statements": 21, "percent_covered": 100.0, "percent_covered_display": "100", "missing_lines": 0, "excluded_lines": 2, "percent_statements_covered": 100.0, "percent_statements_covered_display": "100"}, "missing_lines": [], "excluded_lines": [11, 12], "start_line": 1}}}, "src/machship_sdk/telemetry.py": {"executed_lines": [3, 5, 6, 8, 9, 15, 24, 26, 27, 29, 30, 31, 32, 33, 36, 38, 41, 42, 43, 45, 46, 47, 48, 51, 52, 58, 59, 60, 62, 63, 67, 68, 69, 70, 71, 72, 73], "summary": {"covered_lines": 37, "num_statements": 43, "percent_covered": 86.04651162790698, "percent_covered_display": "86", "missing_lines": 6, "excluded_lines": 5, "percent_statements_covered": 86.04651162790698, "percent_statements_covered_display": "86"}, "missing_lines": [17, 18, 21, 39, 64, 65], "excluded_lines": [10, 11, 12, 19, 20], "functions": {"get_tracer": {"executed_lines": [], "summary": {"covered_lines": 0, "num_statements": 3, "percent_covered": 0.0, "percent_covered_display": "0", "missing_lines": 3, "excluded_lines": 2, "percent_statements_covered": 0.0, "percent_statements_covered_display": "0"}, "missing_lines": [17, 18, 21], "excluded_lines": [19, 20], "start_line": 15}, "set_span_attributes": {"executed_lines": [26, 27, 29, 30, 31, 32, 33], "summary": {"covered_lines": 7, "num_statements": 7, "percent_covered": 100.0, "percent_covered_display": "100", "missing_lines": 0, "excluded_lines": 0, "percent_statements_covered": 100.0, "percent_statements_covered_display": "100"}, "missing_lines": [], "excluded_lines": [], "start_line": 24}, "record_span_exception": {"executed_lines": [38, 41, 42, 43, 45, 46, 47, 48], "summary": {"covered_lines": 8, "num_statements": 9, "percent_covered": 88.88888888888889, "percent_covered_display": "89", "missing_lines": 1, "excluded_lines": 0, "percent_statements_covered": 88.88888888888889, "percent_statements_covered_display": "89"}, "missing_lines": [39], "excluded_lines": [], "start_line": 36}, "request_span": {"executed_lines": [58, 59, 60, 62, 63, 67, 68, 69, 70, 71, 72, 73], "summary": {"covered_lines": 12, "num_statements": 14, "percent_covered": 85.71428571428571, "percent_covered_display": "86", "missing_lines": 2, "excluded_lines": 0, "percent_statements_covered": 85.71428571428571, "percent_statements_covered_display": "86"}, "missing_lines": [64, 65], "excluded_lines": [], "start_line": 52}, "": {"executed_lines": [3, 5, 6, 8, 9, 15, 24, 36, 51, 52], "summary": {"covered_lines": 10, "num_statements": 10, "percent_covered": 100.0, "percent_covered_display": "100", "missing_lines": 0, "excluded_lines": 3, "percent_statements_covered": 100.0, "percent_statements_covered_display": "100"}, "missing_lines": [], "excluded_lines": [10, 11, 12], "start_line": 1}}, "classes": {"": {"executed_lines": [3, 5, 6, 8, 9, 15, 24, 26, 27, 29, 30, 31, 32, 33, 36, 38, 41, 42, 43, 45, 46, 47, 48, 51, 52, 58, 59, 60, 62, 63, 67, 68, 69, 70, 71, 72, 73], "summary": {"covered_lines": 37, "num_statements": 43, "percent_covered": 86.04651162790698, "percent_covered_display": "86", "missing_lines": 6, "excluded_lines": 5, "percent_statements_covered": 86.04651162790698, "percent_statements_covered_display": "86"}, "missing_lines": [17, 18, 21, 39, 64, 65], "excluded_lines": [10, 11, 12, 19, 20], "start_line": 1}}}}, "totals": {"covered_lines": 5710, "num_statements": 5977, "percent_covered": 95.53287602476159, "percent_covered_display": "96", "missing_lines": 267, "excluded_lines": 41, "percent_statements_covered": 95.53287602476159, "percent_statements_covered_display": "96"}}